=== Операция конвертации ===
Время начала: 2025-07-22 15:12:35
IP адрес: 127.0.0.1
Тип операции: START
Сообщение: Запуск скрипта, проверка компонентов...
Детали операции:
    GD: Проверка...
=======================

=== Операция конвертации ===
Время начала: 2025-07-22 15:12:35
IP адрес: 127.0.0.1
Тип операции: WARNING
Сообщение: IP не определен через прокси, взят REMOTE_ADDR
Детали операции:
    Default IP: 127.0.0.1
=======================

=== Операция конвертации ===
Время начала: 2025-07-22 15:12:35
IP адрес: 127.0.0.1
Тип операции: INFO
Сообщение: Запуск запроса на обработку изображения
Детали операции:
    request:
        format: webp
        quality: 80
    ip: 127.0.0.1
=======================

=== Операция конвертации ===
Время начала: 2025-07-22 15:12:35
IP адрес: 127.0.0.1
Тип операции: INFO
Сообщение: Получение параметров
Детали операции:
    original_filename: 687dfc44edf73.webp
    tmp_name: C:\xampp\tmp\phpFE9A.tmp
    mime_type: image/webp
    size: 19476
    format: webp
    quality: 80
    ip: 127.0.0.1
=======================

=== Операция конвертации ===
Время начала: 2025-07-22 15:12:35
IP адрес: 127.0.0.1
Тип операции: ERROR
Сообщение: Тип файла не поддерживается
Детали операции:
    uploaded_type: image/webp
    allowed_types:
        0: image/jpeg
        1: image/png
        2: image/gif
    ip: 127.0.0.1
=======================

=== Операция конвертации ===
Время начала: 2025-07-22 15:13:21
IP адрес: 127.0.0.1
Тип операции: START
Сообщение: Запуск скрипта, проверка компонентов...
Детали операции:
    GD: Проверка...
=======================

=== Операция конвертации ===
Время начала: 2025-07-22 15:13:21
IP адрес: 127.0.0.1
Тип операции: WARNING
Сообщение: IP не определен через прокси, взят REMOTE_ADDR
Детали операции:
    Default IP: 127.0.0.1
=======================

=== Операция конвертации ===
Время начала: 2025-07-22 15:13:21
IP адрес: 127.0.0.1
Тип операции: INFO
Сообщение: Запуск запроса на обработку изображения
Детали операции:
    request:
        format: webp
        quality: 80
    ip: 127.0.0.1
=======================

=== Операция конвертации ===
Время начала: 2025-07-22 15:13:21
IP адрес: 127.0.0.1
Тип операции: INFO
Сообщение: Получение параметров
Детали операции:
    original_filename: 687dfc44edf73.webp
    tmp_name: C:\xampp\tmp\phpAFDA.tmp
    mime_type: image/webp
    size: 19476
    format: webp
    quality: 80
    ip: 127.0.0.1
=======================

=== Операция конвертации ===
Время начала: 2025-07-22 15:13:29
IP адрес: 127.0.0.1
Тип операции: START
Сообщение: Запуск скрипта, проверка компонентов...
Детали операции:
    GD: Проверка...
=======================

=== Операция конвертации ===
Время начала: 2025-07-22 15:13:29
IP адрес: 127.0.0.1
Тип операции: WARNING
Сообщение: IP не определен через прокси, взят REMOTE_ADDR
Детали операции:
    Default IP: 127.0.0.1
=======================

=== Операция конвертации ===
Время начала: 2025-07-22 15:13:29
IP адрес: 127.0.0.1
Тип операции: INFO
Сообщение: Запуск запроса на обработку изображения
Детали операции:
    request:
        format: webp
        quality: 80
    ip: 127.0.0.1
=======================

=== Операция конвертации ===
Время начала: 2025-07-22 15:13:29
IP адрес: 127.0.0.1
Тип операции: INFO
Сообщение: Получение параметров
Детали операции:
    original_filename: Снимок экрана 2025-07-21 212410.png
    tmp_name: C:\xampp\tmp\phpD1F9.tmp
    mime_type: image/png
    size: 137734
    format: webp
    quality: 80
    ip: 127.0.0.1
=======================

=== Операция конвертации ===
Время начала: 2025-07-22 15:13:29
IP адрес: 127.0.0.1
Тип операции: INFO
Сообщение: PNG загружен с поддержкой прозрачности
Детали операции:
    ip: 127.0.0.1
=======================

=== Операция конвертации ===
Время начала: 2025-07-22 15:13:29
IP адрес: 127.0.0.1
Тип операции: INFO
Сообщение: Начало конвертации изображения
Детали операции:
    target_format: webp
    output_file: 687f8069cac25.webp
    full_path: ../../converted/687f8069cac25.webp
    ip: 127.0.0.1
=======================

=== Операция конвертации ===
Время начала: 2025-07-22 15:13:29
IP адрес: 127.0.0.1
Тип операции: SUCCESS
Сообщение: Успешная конвертация изображения
Детали операции:
    original_filename: Снимок экрана 2025-07-21 212410.png
    converted_filename: 687f8069cac25.webp
    converted_size: 33274
    output_path: C:\xampp\htdocs\convertor_www\converted\687f8069cac25.webp
    ip: 127.0.0.1
=======================

