=== Операция конвертации ===
Время начала: 2025-07-26 21:13:21
IP адрес: ::1
Тип операции: START
Сообщение: Запуск скрипта, проверка компонентов...
Детали операции:
    GD: Проверка...
=======================

=== Операция конвертации ===
Время начала: 2025-07-26 21:13:21
IP адрес: ::1
Тип операции: INFO
Сообщение: ID пользователя получен
Детали операции:
    ID: 1
=======================

=== Операция конвертации ===
Время начала: 2025-07-26 21:13:21
IP адрес: ::1
Тип операции: WARNING
Сообщение: IP не определен через прокси, взят REMOTE_ADDR
Детали операции:
    Default IP: ::1
=======================

=== Операция конвертации ===
Время начала: 2025-07-26 21:13:21
IP адрес: ::1
Тип операции: INFO
Сообщение: Запуск запроса на обработку изображения
Детали операции:
    request:
        format: webp
        quality: 80
    ip: ::1
=======================

=== Операция конвертации ===
Время начала: 2025-07-26 21:13:21
IP адрес: ::1
Тип операции: INFO
Сообщение: Получение параметров
Детали операции:
    original_filename: Снимок экрана 2025-07-26 215832.png
    tmp_name: C:\xampp2\tmp\phpB432.tmp
    mime_type: image/png
    size: 25040
    format: webp
    quality: 80
    ip: ::1
=======================

=== Операция конвертации ===
Время начала: 2025-07-26 21:13:21
IP адрес: ::1
Тип операции: INFO
Сообщение: PNG загружен с поддержкой прозрачности
Детали операции:
    ip: ::1
=======================

=== Операция конвертации ===
Время начала: 2025-07-26 21:13:21
IP адрес: ::1
Тип операции: INFO
Сообщение: Начало конвертации изображения
Детали операции:
    target_format: webp
    output_file: 688528d1e2d4b.webp
    full_path: ../../converted/688528d1e2d4b.webp
    ip: ::1
=======================

=== Операция конвертации ===
Время начала: 2025-07-26 21:13:21
IP адрес: ::1
Тип операции: SUCCESS
Сообщение: Успешная конвертация изображения
Детали операции:
    original_filename: Снимок экрана 2025-07-26 215832.png
    converted_filename: 688528d1e2d4b.webp
    converted_size: 2902
    output_path: C:\xampp2\htdocs\convertor_www\converted\688528d1e2d4b.webp
    ip: ::1
=======================

=== Операция конвертации ===
Время начала: 2025-07-26 21:14:00
IP адрес: ::1
Тип операции: START
Сообщение: Запуск скрипта, проверка компонентов...
Детали операции:
    GD: Проверка...
=======================

=== Операция конвертации ===
Время начала: 2025-07-26 21:14:00
IP адрес: ::1
Тип операции: INFO
Сообщение: ID пользователя получен
Детали операции:
    ID: 1
=======================

=== Операция конвертации ===
Время начала: 2025-07-26 21:14:00
IP адрес: ::1
Тип операции: WARNING
Сообщение: IP не определен через прокси, взят REMOTE_ADDR
Детали операции:
    Default IP: ::1
=======================

=== Операция конвертации ===
Время начала: 2025-07-26 21:14:00
IP адрес: ::1
Тип операции: INFO
Сообщение: Запуск запроса на обработку изображения
Детали операции:
    request:
        format: webp
        quality: 80
    ip: ::1
=======================

=== Операция конвертации ===
Время начала: 2025-07-26 21:14:00
IP адрес: ::1
Тип операции: INFO
Сообщение: Получение параметров
Детали операции:
    original_filename: Снимок экрана 2025-07-26 210906.png
    tmp_name: C:\xampp2\tmp\php4A97.tmp
    mime_type: image/png
    size: 49849
    format: webp
    quality: 80
    ip: ::1
=======================

=== Операция конвертации ===
Время начала: 2025-07-26 21:14:00
IP адрес: ::1
Тип операции: INFO
Сообщение: PNG загружен с поддержкой прозрачности
Детали операции:
    ip: ::1
=======================

=== Операция конвертации ===
Время начала: 2025-07-26 21:14:00
IP адрес: ::1
Тип операции: INFO
Сообщение: Начало конвертации изображения
Детали операции:
    target_format: webp
    output_file: 688528f869275.webp
    full_path: ../../converted/688528f869275.webp
    ip: ::1
=======================

=== Операция конвертации ===
Время начала: 2025-07-26 21:14:00
IP адрес: ::1
Тип операции: SUCCESS
Сообщение: Успешная конвертация изображения
Детали операции:
    original_filename: Снимок экрана 2025-07-26 210906.png
    converted_filename: 688528f869275.webp
    converted_size: 12390
    output_path: C:\xampp2\htdocs\convertor_www\converted\688528f869275.webp
    ip: ::1
=======================

=== Операция конвертации ===
Время начала: 2025-07-26 21:16:54
IP адрес: ::1
Тип операции: START
Сообщение: Запуск скрипта, проверка компонентов...
Детали операции:
    GD: Проверка...
=======================

=== Операция конвертации ===
Время начала: 2025-07-26 21:16:54
IP адрес: ::1
Тип операции: INFO
Сообщение: ID пользователя получен
Детали операции:
    ID: 1
=======================

=== Операция конвертации ===
Время начала: 2025-07-26 21:16:54
IP адрес: ::1
Тип операции: WARNING
Сообщение: IP не определен через прокси, взят REMOTE_ADDR
Детали операции:
    Default IP: ::1
=======================

=== Операция конвертации ===
Время начала: 2025-07-26 21:16:54
IP адрес: ::1
Тип операции: INFO
Сообщение: Запуск запроса на обработку изображения
Детали операции:
    request:
        format: webp
        quality: 80
    ip: ::1
=======================

=== Операция конвертации ===
Время начала: 2025-07-26 21:16:54
IP адрес: ::1
Тип операции: INFO
Сообщение: Получение параметров
Детали операции:
    original_filename: Снимок экрана 2025-07-26 221403.png
    tmp_name: C:\xampp2\tmp\phpF0B2.tmp
    mime_type: image/png
    size: 31301
    format: webp
    quality: 80
    ip: ::1
=======================

=== Операция конвертации ===
Время начала: 2025-07-26 21:16:54
IP адрес: ::1
Тип операции: INFO
Сообщение: PNG загружен с поддержкой прозрачности
Детали операции:
    ip: ::1
=======================

=== Операция конвертации ===
Время начала: 2025-07-26 21:16:54
IP адрес: ::1
Тип операции: INFO
Сообщение: Начало конвертации изображения
Детали операции:
    target_format: webp
    output_file: 688529a606c42.webp
    full_path: ../../converted/688529a606c42.webp
    ip: ::1
=======================

=== Операция конвертации ===
Время начала: 2025-07-26 21:16:54
IP адрес: ::1
Тип операции: SUCCESS
Сообщение: Успешная конвертация изображения
Детали операции:
    original_filename: Снимок экрана 2025-07-26 221403.png
    converted_filename: 688529a606c42.webp
    converted_size: 3748
    output_path: C:\xampp2\htdocs\convertor_www\converted\688529a606c42.webp
    ip: ::1
=======================

=== Операция конвертации ===
Время начала: 2025-07-26 21:19:39
IP адрес: ::1
Тип операции: START
Сообщение: Запуск скрипта, проверка компонентов...
Детали операции:
    GD: Проверка...
=======================

=== Операция конвертации ===
Время начала: 2025-07-26 21:19:39
IP адрес: ::1
Тип операции: INFO
Сообщение: ID пользователя получен
Детали операции:
    ID: 1
=======================

=== Операция конвертации ===
Время начала: 2025-07-26 21:19:39
IP адрес: ::1
Тип операции: WARNING
Сообщение: IP не определен через прокси, взят REMOTE_ADDR
Детали операции:
    Default IP: ::1
=======================

=== Операция конвертации ===
Время начала: 2025-07-26 21:19:39
IP адрес: ::1
Тип операции: INFO
Сообщение: Запуск запроса на обработку изображения
Детали операции:
    request:
        format: webp
        quality: 80
    ip: ::1
=======================

=== Операция конвертации ===
Время начала: 2025-07-26 21:19:39
IP адрес: ::1
Тип операции: INFO
Сообщение: Получение параметров
Детали операции:
    original_filename: Снимок экрана 2025-07-26 221403.png
    tmp_name: C:\xampp2\tmp\php75B8.tmp
    mime_type: image/png
    size: 31301
    format: webp
    quality: 80
    ip: ::1
=======================

=== Операция конвертации ===
Время начала: 2025-07-26 21:19:39
IP адрес: ::1
Тип операции: INFO
Сообщение: PNG загружен с поддержкой прозрачности
Детали операции:
    ip: ::1
=======================

=== Операция конвертации ===
Время начала: 2025-07-26 21:19:39
IP адрес: ::1
Тип операции: INFO
Сообщение: Начало конвертации изображения
Детали операции:
    target_format: webp
    output_file: 68852a4b276c1.webp
    full_path: ../../converted/68852a4b276c1.webp
    ip: ::1
=======================

=== Операция конвертации ===
Время начала: 2025-07-26 21:19:39
IP адрес: ::1
Тип операции: SUCCESS
Сообщение: Успешная конвертация изображения
Детали операции:
    original_filename: Снимок экрана 2025-07-26 221403.png
    converted_filename: 68852a4b276c1.webp
    converted_size: 3748
    output_path: C:\xampp2\htdocs\convertor_www\converted\68852a4b276c1.webp
    ip: ::1
=======================

=== Операция конвертации ===
Время начала: 2025-07-26 21:19:48
IP адрес: ::1
Тип операции: START
Сообщение: Запуск скрипта, проверка компонентов...
Детали операции:
    GD: Проверка...
=======================

=== Операция конвертации ===
Время начала: 2025-07-26 21:19:48
IP адрес: ::1
Тип операции: INFO
Сообщение: ID пользователя получен
Детали операции:
    ID: 1
=======================

=== Операция конвертации ===
Время начала: 2025-07-26 21:19:48
IP адрес: ::1
Тип операции: WARNING
Сообщение: IP не определен через прокси, взят REMOTE_ADDR
Детали операции:
    Default IP: ::1
=======================

=== Операция конвертации ===
Время начала: 2025-07-26 21:19:48
IP адрес: ::1
Тип операции: INFO
Сообщение: Запуск запроса на обработку изображения
Детали операции:
    request:
    ip: ::1
=======================

=== Операция конвертации ===
Время начала: 2025-07-26 21:19:48
IP адрес: ::1
Тип операции: ERROR
Сообщение: Файл изображения не найден в запросе
Детали операции:
    FILES:
    ip: ::1
=======================

=== Операция конвертации ===
Время начала: 2025-07-26 21:20:29
IP адрес: ::1
Тип операции: START
Сообщение: Запуск скрипта, проверка компонентов...
Детали операции:
    GD: Проверка...
=======================

=== Операция конвертации ===
Время начала: 2025-07-26 21:20:29
IP адрес: ::1
Тип операции: INFO
Сообщение: ID пользователя получен
Детали операции:
    ID: 1
=======================

=== Операция конвертации ===
Время начала: 2025-07-26 21:20:29
IP адрес: ::1
Тип операции: WARNING
Сообщение: IP не определен через прокси, взят REMOTE_ADDR
Детали операции:
    Default IP: ::1
=======================

=== Операция конвертации ===
Время начала: 2025-07-26 21:20:29
IP адрес: ::1
Тип операции: INFO
Сообщение: Запуск запроса на обработку изображения
Детали операции:
    request:
        format: webp
        quality: 80
    ip: ::1
=======================

=== Операция конвертации ===
Время начала: 2025-07-26 21:20:29
IP адрес: ::1
Тип операции: INFO
Сообщение: Получение параметров
Детали операции:
    original_filename: Снимок экрана 2025-07-26 221403.png
    tmp_name: C:\xampp2\tmp\php387C.tmp
    mime_type: image/png
    size: 31301
    format: webp
    quality: 80
    ip: ::1
=======================

=== Операция конвертации ===
Время начала: 2025-07-26 21:20:29
IP адрес: ::1
Тип операции: INFO
Сообщение: PNG загружен с поддержкой прозрачности
Детали операции:
    ip: ::1
=======================

=== Операция конвертации ===
Время начала: 2025-07-26 21:20:29
IP адрес: ::1
Тип операции: INFO
Сообщение: Начало конвертации изображения
Детали операции:
    target_format: webp
    output_file: 68852a7d05244.webp
    full_path: ../../converted/68852a7d05244.webp
    ip: ::1
=======================

=== Операция конвертации ===
Время начала: 2025-07-26 21:20:29
IP адрес: ::1
Тип операции: SUCCESS
Сообщение: Успешная конвертация изображения
Детали операции:
    original_filename: Снимок экрана 2025-07-26 221403.png
    converted_filename: 68852a7d05244.webp
    converted_size: 3748
    output_path: C:\xampp2\htdocs\convertor_www\converted\68852a7d05244.webp
    ip: ::1
=======================

=== Операция конвертации ===
Время начала: 2025-07-26 21:20:39
IP адрес: ::1
Тип операции: START
Сообщение: Запуск скрипта, проверка компонентов...
Детали операции:
    GD: Проверка...
=======================

=== Операция конвертации ===
Время начала: 2025-07-26 21:20:39
IP адрес: ::1
Тип операции: INFO
Сообщение: ID пользователя получен
Детали операции:
    ID: 1
=======================

=== Операция конвертации ===
Время начала: 2025-07-26 21:20:39
IP адрес: ::1
Тип операции: WARNING
Сообщение: IP не определен через прокси, взят REMOTE_ADDR
Детали операции:
    Default IP: ::1
=======================

=== Операция конвертации ===
Время начала: 2025-07-26 21:20:39
IP адрес: ::1
Тип операции: INFO
Сообщение: Запуск запроса на обработку изображения
Детали операции:
    request:
        format: webp
        quality: 80
    ip: ::1
=======================

=== Операция конвертации ===
Время начала: 2025-07-26 21:20:39
IP адрес: ::1
Тип операции: INFO
Сообщение: Получение параметров
Детали операции:
    original_filename: Снимок экрана 2025-07-26 221403.png
    tmp_name: C:\xampp2\tmp\php6068.tmp
    mime_type: image/png
    size: 31301
    format: webp
    quality: 80
    ip: ::1
=======================

=== Операция конвертации ===
Время начала: 2025-07-26 21:20:39
IP адрес: ::1
Тип операции: INFO
Сообщение: PNG загружен с поддержкой прозрачности
Детали операции:
    ip: ::1
=======================

=== Операция конвертации ===
Время начала: 2025-07-26 21:20:39
IP адрес: ::1
Тип операции: INFO
Сообщение: Начало конвертации изображения
Детали операции:
    target_format: webp
    output_file: 68852a873b7b9.webp
    full_path: ../../converted/68852a873b7b9.webp
    ip: ::1
=======================

=== Операция конвертации ===
Время начала: 2025-07-26 21:20:39
IP адрес: ::1
Тип операции: SUCCESS
Сообщение: Успешная конвертация изображения
Детали операции:
    original_filename: Снимок экрана 2025-07-26 221403.png
    converted_filename: 68852a873b7b9.webp
    converted_size: 3748
    output_path: C:\xampp2\htdocs\convertor_www\converted\68852a873b7b9.webp
    ip: ::1
=======================

=== Операция конвертации ===
Время начала: 2025-07-26 21:21:31
IP адрес: ::1
Тип операции: START
Сообщение: Запуск скрипта, проверка компонентов...
Детали операции:
    GD: Проверка...
=======================

=== Операция конвертации ===
Время начала: 2025-07-26 21:21:31
IP адрес: ::1
Тип операции: INFO
Сообщение: ID пользователя получен
Детали операции:
    ID: 1
=======================

=== Операция конвертации ===
Время начала: 2025-07-26 21:21:31
IP адрес: ::1
Тип операции: WARNING
Сообщение: IP не определен через прокси, взят REMOTE_ADDR
Детали операции:
    Default IP: ::1
=======================

=== Операция конвертации ===
Время начала: 2025-07-26 21:21:31
IP адрес: ::1
Тип операции: INFO
Сообщение: Запуск запроса на обработку изображения
Детали операции:
    request:
        format: webp
        quality: 80
    ip: ::1
=======================

=== Операция конвертации ===
Время начала: 2025-07-26 21:21:31
IP адрес: ::1
Тип операции: INFO
Сообщение: Получение параметров
Детали операции:
    original_filename: Снимок экрана 2025-07-26 221403.png
    tmp_name: C:\xampp2\tmp\php2DDB.tmp
    mime_type: image/png
    size: 31301
    format: webp
    quality: 80
    ip: ::1
=======================

=== Операция конвертации ===
Время начала: 2025-07-26 21:21:31
IP адрес: ::1
Тип операции: INFO
Сообщение: PNG загружен с поддержкой прозрачности
Детали операции:
    ip: ::1
=======================

=== Операция конвертации ===
Время начала: 2025-07-26 21:21:31
IP адрес: ::1
Тип операции: INFO
Сообщение: Начало конвертации изображения
Детали операции:
    target_format: webp
    output_file: 68852abbc8b69.webp
    full_path: ../../converted/68852abbc8b69.webp
    ip: ::1
=======================

=== Операция конвертации ===
Время начала: 2025-07-26 21:21:31
IP адрес: ::1
Тип операции: SUCCESS
Сообщение: Успешная конвертация изображения
Детали операции:
    original_filename: Снимок экрана 2025-07-26 221403.png
    converted_filename: 68852abbc8b69.webp
    converted_size: 3748
    output_path: C:\xampp2\htdocs\convertor_www\converted\68852abbc8b69.webp
    ip: ::1
=======================

=== Операция конвертации ===
Время начала: 2025-07-26 21:27:32
IP адрес: ::1
Тип операции: START
Сообщение: Запуск скрипта, проверка компонентов...
Детали операции:
    GD: Проверка...
=======================

=== Операция конвертации ===
Время начала: 2025-07-26 21:27:32
IP адрес: ::1
Тип операции: INFO
Сообщение: ID пользователя получен
Детали операции:
    ID: 1
=======================

=== Операция конвертации ===
Время начала: 2025-07-26 21:27:32
IP адрес: ::1
Тип операции: INFO
Сообщение: Запрос на обработку изображения
Детали операции:
    ip: ::1
=======================

=== Операция конвертации ===
Время начала: 2025-07-26 21:29:30
IP адрес: ::1
Тип операции: START
Сообщение: Запуск скрипта, проверка компонентов...
Детали операции:
    GD: Проверка...
=======================

=== Операция конвертации ===
Время начала: 2025-07-26 21:29:30
IP адрес: ::1
Тип операции: INFO
Сообщение: ID пользователя получен
Детали операции:
    ID: 1
=======================

=== Операция конвертации ===
Время начала: 2025-07-26 21:29:30
IP адрес: ::1
Тип операции: WARNING
Сообщение: IP не определен через прокси, взят REMOTE_ADDR
Детали операции:
    Default IP: ::1
=======================

=== Операция конвертации ===
Время начала: 2025-07-26 21:29:30
IP адрес: ::1
Тип операции: INFO
Сообщение: Запуск запроса на обработку изображения
Детали операции:
    request:
        format: webp
        quality: 80
    ip: ::1
=======================

=== Операция конвертации ===
Время начала: 2025-07-26 21:29:30
IP адрес: ::1
Тип операции: INFO
Сообщение: Получение параметров
Детали операции:
    original_filename: Снимок экрана 2025-07-26 215832.png
    tmp_name: C:\xampp2\tmp\php7A37.tmp
    mime_type: image/png
    size: 25040
    format: webp
    quality: 80
    ip: ::1
=======================

=== Операция конвертации ===
Время начала: 2025-07-26 21:29:30
IP адрес: ::1
Тип операции: INFO
Сообщение: PNG загружен с поддержкой прозрачности
Детали операции:
    ip: ::1
=======================

=== Операция конвертации ===
Время начала: 2025-07-26 21:29:30
IP адрес: ::1
Тип операции: INFO
Сообщение: Начало конвертации изображения
Детали операции:
    target_format: webp
    output_file: 68852c9a1f3d9.webp
    full_path: ../../converted/68852c9a1f3d9.webp
    ip: ::1
=======================

=== Операция конвертации ===
Время начала: 2025-07-26 21:29:30
IP адрес: ::1
Тип операции: SUCCESS
Сообщение: Успешная конвертация изображения
Детали операции:
    original_filename: Снимок экрана 2025-07-26 215832.png
    converted_filename: 68852c9a1f3d9.webp
    converted_size: 2902
    output_path: C:\xampp2\htdocs\convertor_www\converted\68852c9a1f3d9.webp
    ip: ::1
=======================

=== Операция конвертации ===
Время начала: 2025-07-26 21:30:26
IP адрес: ::1
Тип операции: START
Сообщение: Запуск скрипта, проверка компонентов...
Детали операции:
    GD: Проверка...
=======================

=== Операция конвертации ===
Время начала: 2025-07-26 21:30:26
IP адрес: ::1
Тип операции: INFO
Сообщение: ID пользователя получен
Детали операции:
    ID: 1
=======================

=== Операция конвертации ===
Время начала: 2025-07-26 21:30:26
IP адрес: ::1
Тип операции: WARNING
Сообщение: IP не определен через прокси, взят REMOTE_ADDR
Детали операции:
    Default IP: ::1
=======================

=== Операция конвертации ===
Время начала: 2025-07-26 21:30:26
IP адрес: ::1
Тип операции: INFO
Сообщение: Запуск запроса на обработку изображения
Детали операции:
    request:
        format: webp
        quality: 80
    ip: ::1
=======================

=== Операция конвертации ===
Время начала: 2025-07-26 21:30:26
IP адрес: ::1
Тип операции: INFO
Сообщение: Получение параметров
Детали операции:
    original_filename: Снимок экрана 2025-07-26 215832.png
    tmp_name: C:\xampp2\tmp\php5631.tmp
    mime_type: image/png
    size: 25040
    format: webp
    quality: 80
    ip: ::1
=======================

=== Операция конвертации ===
Время начала: 2025-07-26 21:30:26
IP адрес: ::1
Тип операции: INFO
Сообщение: PNG загружен с поддержкой прозрачности
Детали операции:
    ip: ::1
=======================

=== Операция конвертации ===
Время начала: 2025-07-26 21:30:26
IP адрес: ::1
Тип операции: INFO
Сообщение: Начало конвертации изображения
Детали операции:
    target_format: webp
    output_file: 68852cd26bd36.webp
    full_path: ../../converted/68852cd26bd36.webp
    ip: ::1
=======================

=== Операция конвертации ===
Время начала: 2025-07-26 21:30:26
IP адрес: ::1
Тип операции: SUCCESS
Сообщение: Успешная конвертация изображения
Детали операции:
    original_filename: Снимок экрана 2025-07-26 215832.png
    converted_filename: 68852cd26bd36.webp
    converted_size: 2902
    output_path: C:\xampp2\htdocs\convertor_www\converted\68852cd26bd36.webp
    ip: ::1
=======================

=== Операция конвертации ===
Время начала: 2025-07-26 21:30:44
IP адрес: ::1
Тип операции: START
Сообщение: Запуск скрипта, проверка компонентов...
Детали операции:
    GD: Проверка...
=======================

=== Операция конвертации ===
Время начала: 2025-07-26 21:30:44
IP адрес: ::1
Тип операции: INFO
Сообщение: ID пользователя получен
Детали операции:
    ID: 1
=======================

=== Операция конвертации ===
Время начала: 2025-07-26 21:30:44
IP адрес: ::1
Тип операции: WARNING
Сообщение: IP не определен через прокси, взят REMOTE_ADDR
Детали операции:
    Default IP: ::1
=======================

=== Операция конвертации ===
Время начала: 2025-07-26 21:30:44
IP адрес: ::1
Тип операции: INFO
Сообщение: Запуск запроса на обработку изображения
Детали операции:
    request:
        format: webp
        quality: 80
    ip: ::1
=======================

=== Операция конвертации ===
Время начала: 2025-07-26 21:30:44
IP адрес: ::1
Тип операции: INFO
Сообщение: Получение параметров
Детали операции:
    original_filename: Снимок экрана 2025-07-26 221403.png
    tmp_name: C:\xampp2\tmp\php9B1B.tmp
    mime_type: image/png
    size: 31301
    format: webp
    quality: 80
    ip: ::1
=======================

=== Операция конвертации ===
Время начала: 2025-07-26 21:30:44
IP адрес: ::1
Тип операции: INFO
Сообщение: PNG загружен с поддержкой прозрачности
Детали операции:
    ip: ::1
=======================

=== Операция конвертации ===
Время начала: 2025-07-26 21:30:44
IP адрес: ::1
Тип операции: INFO
Сообщение: Начало конвертации изображения
Детали операции:
    target_format: webp
    output_file: 68852ce41470e.webp
    full_path: ../../converted/68852ce41470e.webp
    ip: ::1
=======================

=== Операция конвертации ===
Время начала: 2025-07-26 21:30:44
IP адрес: ::1
Тип операции: SUCCESS
Сообщение: Успешная конвертация изображения
Детали операции:
    original_filename: Снимок экрана 2025-07-26 221403.png
    converted_filename: 68852ce41470e.webp
    converted_size: 3748
    output_path: C:\xampp2\htdocs\convertor_www\converted\68852ce41470e.webp
    ip: ::1
=======================

=== Операция конвертации ===
Время начала: 2025-07-26 21:32:05
IP адрес: ::1
Тип операции: START
Сообщение: Запуск скрипта, проверка компонентов...
Детали операции:
    GD: Проверка...
=======================

=== Операция конвертации ===
Время начала: 2025-07-26 21:32:05
IP адрес: ::1
Тип операции: INFO
Сообщение: ID пользователя получен
Детали операции:
    ID: 1
=======================

=== Операция конвертации ===
Время начала: 2025-07-26 21:32:05
IP адрес: ::1
Тип операции: WARNING
Сообщение: IP не определен через прокси, взят REMOTE_ADDR
Детали операции:
    Default IP: ::1
=======================

=== Операция конвертации ===
Время начала: 2025-07-26 21:32:05
IP адрес: ::1
Тип операции: INFO
Сообщение: Запуск запроса на обработку изображения
Детали операции:
    request:
        format: webp
        quality: 80
    ip: ::1
=======================

=== Операция конвертации ===
Время начала: 2025-07-26 21:32:05
IP адрес: ::1
Тип операции: INFO
Сообщение: Получение параметров
Детали операции:
    original_filename: Снимок экрана 2025-07-26 221403.png
    tmp_name: C:\xampp2\tmp\phpDA33.tmp
    mime_type: image/png
    size: 31301
    format: webp
    quality: 80
    ip: ::1
=======================

=== Операция конвертации ===
Время начала: 2025-07-26 21:32:05
IP адрес: ::1
Тип операции: INFO
Сообщение: PNG загружен с поддержкой прозрачности
Детали операции:
    ip: ::1
=======================

=== Операция конвертации ===
Время начала: 2025-07-26 21:32:05
IP адрес: ::1
Тип операции: INFO
Сообщение: Начало конвертации изображения
Детали операции:
    target_format: webp
    output_file: 68852d35ba6df.webp
    full_path: ../../converted/68852d35ba6df.webp
    ip: ::1
=======================

=== Операция конвертации ===
Время начала: 2025-07-26 21:32:05
IP адрес: ::1
Тип операции: SUCCESS
Сообщение: Успешная конвертация изображения
Детали операции:
    original_filename: Снимок экрана 2025-07-26 221403.png
    converted_filename: 68852d35ba6df.webp
    converted_size: 3748
    output_path: C:\xampp2\htdocs\convertor_www\converted\68852d35ba6df.webp
    ip: ::1
=======================

=== Операция конвертации ===
Время начала: 2025-07-26 21:33:08
IP адрес: ::1
Тип операции: START
Сообщение: Запуск скрипта, проверка компонентов...
Детали операции:
    GD: Проверка...
=======================

=== Операция конвертации ===
Время начала: 2025-07-26 21:33:08
IP адрес: ::1
Тип операции: INFO
Сообщение: ID пользователя получен
Детали операции:
    ID: 1
=======================

=== Операция конвертации ===
Время начала: 2025-07-26 21:33:08
IP адрес: ::1
Тип операции: WARNING
Сообщение: IP не определен через прокси, взят REMOTE_ADDR
Детали операции:
    Default IP: ::1
=======================

=== Операция конвертации ===
Время начала: 2025-07-26 21:33:08
IP адрес: ::1
Тип операции: INFO
Сообщение: Запуск запроса на обработку изображения
Детали операции:
    request:
        format: webp
        quality: 80
    ip: ::1
=======================

=== Операция конвертации ===
Время начала: 2025-07-26 21:33:08
IP адрес: ::1
Тип операции: INFO
Сообщение: Получение параметров
Детали операции:
    original_filename: Снимок экрана 2025-07-26 221403.png
    tmp_name: C:\xampp2\tmp\phpD00E.tmp
    mime_type: image/png
    size: 31301
    format: webp
    quality: 80
    ip: ::1
=======================

=== Операция конвертации ===
Время начала: 2025-07-26 21:33:08
IP адрес: ::1
Тип операции: INFO
Сообщение: PNG загружен с поддержкой прозрачности
Детали операции:
    ip: ::1
=======================

=== Операция конвертации ===
Время начала: 2025-07-26 21:33:08
IP адрес: ::1
Тип операции: INFO
Сообщение: Начало конвертации изображения
Детали операции:
    target_format: webp
    output_file: 68852d74a97dd.webp
    full_path: ../../converted/68852d74a97dd.webp
    ip: ::1
=======================

=== Операция конвертации ===
Время начала: 2025-07-26 21:33:08
IP адрес: ::1
Тип операции: SUCCESS
Сообщение: Успешная конвертация изображения
Детали операции:
    original_filename: Снимок экрана 2025-07-26 221403.png
    converted_filename: 68852d74a97dd.webp
    converted_size: 3748
    output_path: C:\xampp2\htdocs\convertor_www\converted\68852d74a97dd.webp
    ip: ::1
=======================

=== Операция конвертации ===
Время начала: 2025-07-26 21:41:21
IP адрес: ::1
Тип операции: START
Сообщение: Запуск скрипта, проверка компонентов...
Детали операции:
    GD: Проверка...
=======================

=== Операция конвертации ===
Время начала: 2025-07-26 21:41:21
IP адрес: ::1
Тип операции: INFO
Сообщение: ID пользователя получен
Детали операции:
    ID: 1
=======================

=== Операция конвертации ===
Время начала: 2025-07-26 21:41:21
IP адрес: ::1
Тип операции: WARNING
Сообщение: IP не определен через прокси, взят REMOTE_ADDR
Детали операции:
    Default IP: ::1
=======================

=== Операция конвертации ===
Время начала: 2025-07-26 21:41:21
IP адрес: ::1
Тип операции: INFO
Сообщение: Запуск запроса на обработку изображения
Детали операции:
    request:
        format: webp
        quality: 80
    ip: ::1
=======================

=== Операция конвертации ===
Время начала: 2025-07-26 21:41:21
IP адрес: ::1
Тип операции: INFO
Сообщение: Получение параметров
Детали операции:
    original_filename: Снимок экрана 2025-07-26 210906.png
    tmp_name: C:\xampp2\tmp\php56E1.tmp
    mime_type: image/png
    size: 49849
    format: webp
    quality: 80
    ip: ::1
=======================

=== Операция конвертации ===
Время начала: 2025-07-26 21:41:21
IP адрес: ::1
Тип операции: INFO
Сообщение: PNG загружен с поддержкой прозрачности
Детали операции:
    ip: ::1
=======================

=== Операция конвертации ===
Время начала: 2025-07-26 21:41:21
IP адрес: ::1
Тип операции: INFO
Сообщение: Начало конвертации изображения
Детали операции:
    target_format: webp
    output_file: 68852f61ef2b0.webp
    full_path: ../../converted/68852f61ef2b0.webp
    ip: ::1
=======================

=== Операция конвертации ===
Время начала: 2025-07-26 21:41:21
IP адрес: ::1
Тип операции: SUCCESS
Сообщение: Успешная конвертация изображения
Детали операции:
    original_filename: Снимок экрана 2025-07-26 210906.png
    converted_filename: 68852f61ef2b0.webp
    converted_size: 12390
    output_path: C:\xampp2\htdocs\convertor_www\converted\68852f61ef2b0.webp
    ip: ::1
=======================

=== Операция конвертации ===
Время начала: 2025-07-27 12:48:38
IP адрес: ::1
Тип операции: START
Сообщение: Запуск скрипта, проверка компонентов...
Детали операции:
    GD: Проверка...
=======================

=== Операция конвертации ===
Время начала: 2025-07-27 12:48:38
IP адрес: ::1
Тип операции: INFO
Сообщение: Пользователь не авторизован
=======================

=== Операция конвертации ===
Время начала: 2025-07-27 12:48:38
IP адрес: ::1
Тип операции: WARNING
Сообщение: IP не определен через прокси, взят REMOTE_ADDR
Детали операции:
    Default IP: ::1
=======================

=== Операция конвертации ===
Время начала: 2025-07-27 12:48:38
IP адрес: ::1
Тип операции: INFO
Сообщение: Запуск запроса на обработку изображения
Детали операции:
    request:
        format: webp
        quality: 80
    ip: ::1
=======================

=== Операция конвертации ===
Время начала: 2025-07-27 12:48:38
IP адрес: ::1
Тип операции: INFO
Сообщение: Получение параметров
Детали операции:
    original_filename: Снимок экрана 2025-07-26 221403.png
    tmp_name: C:\xampp2\tmp\phpF81A.tmp
    mime_type: image/png
    size: 31301
    format: webp
    quality: 80
    ip: ::1
=======================

=== Операция конвертации ===
Время начала: 2025-07-27 12:48:38
IP адрес: ::1
Тип операции: INFO
Сообщение: PNG загружен с поддержкой прозрачности
Детали операции:
    ip: ::1
=======================

=== Операция конвертации ===
Время начала: 2025-07-27 12:48:38
IP адрес: ::1
Тип операции: INFO
Сообщение: Начало конвертации изображения
Детали операции:
    target_format: webp
    output_file: 688604068681f.webp
    full_path: ../../converted/688604068681f.webp
    ip: ::1
=======================

=== Операция конвертации ===
Время начала: 2025-07-27 12:48:38
IP адрес: ::1
Тип операции: SUCCESS
Сообщение: Успешная конвертация изображения
Детали операции:
    original_filename: Снимок экрана 2025-07-26 221403.png
    converted_filename: 688604068681f.webp
    converted_size: 3748
    output_path: C:\xampp2\htdocs\convertor_www\converted\688604068681f.webp
    ip: ::1
=======================

=== Операция конвертации ===
Время начала: 2025-07-27 12:48:42
IP адрес: ::1
Тип операции: START
Сообщение: Запуск скрипта, проверка компонентов...
Детали операции:
    GD: Проверка...
=======================

=== Операция конвертации ===
Время начала: 2025-07-27 12:48:42
IP адрес: ::1
Тип операции: INFO
Сообщение: Пользователь не авторизован
=======================

=== Операция конвертации ===
Время начала: 2025-07-27 12:48:42
IP адрес: ::1
Тип операции: WARNING
Сообщение: IP не определен через прокси, взят REMOTE_ADDR
Детали операции:
    Default IP: ::1
=======================

=== Операция конвертации ===
Время начала: 2025-07-27 12:48:42
IP адрес: ::1
Тип операции: INFO
Сообщение: Запуск запроса на обработку изображения
Детали операции:
    request:
        format: png
        quality: 80
    ip: ::1
=======================

=== Операция конвертации ===
Время начала: 2025-07-27 12:48:42
IP адрес: ::1
Тип операции: INFO
Сообщение: Получение параметров
Детали операции:
    original_filename: Снимок экрана 2025-07-26 224605.png
    tmp_name: C:\xampp2\tmp\php692.tmp
    mime_type: image/png
    size: 396400
    format: png
    quality: 80
    ip: ::1
=======================

=== Операция конвертации ===
Время начала: 2025-07-27 12:48:42
IP адрес: ::1
Тип операции: INFO
Сообщение: PNG загружен с поддержкой прозрачности
Детали операции:
    ip: ::1
=======================

=== Операция конвертации ===
Время начала: 2025-07-27 12:48:42
IP адрес: ::1
Тип операции: INFO
Сообщение: Начало конвертации изображения
Детали операции:
    target_format: png
    output_file: 6886040a3faf2.png
    full_path: ../../converted/6886040a3faf2.png
    ip: ::1
=======================

=== Операция конвертации ===
Время начала: 2025-07-27 12:48:42
IP адрес: ::1
Тип операции: SUCCESS
Сообщение: Успешная конвертация изображения
Детали операции:
    original_filename: Снимок экрана 2025-07-26 224605.png
    converted_filename: 6886040a3faf2.png
    converted_size: 438013
    output_path: C:\xampp2\htdocs\convertor_www\converted\6886040a3faf2.png
    ip: ::1
=======================

=== Операция конвертации ===
Время начала: 2025-07-27 12:48:43
IP адрес: ::1
Тип операции: START
Сообщение: Запуск скрипта, проверка компонентов...
Детали операции:
    GD: Проверка...
=======================

=== Операция конвертации ===
Время начала: 2025-07-27 12:48:43
IP адрес: ::1
Тип операции: INFO
Сообщение: Пользователь не авторизован
=======================

=== Операция конвертации ===
Время начала: 2025-07-27 12:48:43
IP адрес: ::1
Тип операции: WARNING
Сообщение: IP не определен через прокси, взят REMOTE_ADDR
Детали операции:
    Default IP: ::1
=======================

=== Операция конвертации ===
Время начала: 2025-07-27 12:48:43
IP адрес: ::1
Тип операции: INFO
Сообщение: Запуск запроса на обработку изображения
Детали операции:
    request:
        format: png
        quality: 80
    ip: ::1
=======================

=== Операция конвертации ===
Время начала: 2025-07-27 12:48:43
IP адрес: ::1
Тип операции: INFO
Сообщение: Получение параметров
Детали операции:
    original_filename: Снимок экрана 2025-07-26 215832.png
    tmp_name: C:\xampp2\tmp\phpC01.tmp
    mime_type: image/png
    size: 25040
    format: png
    quality: 80
    ip: ::1
=======================

=== Операция конвертации ===
Время начала: 2025-07-27 12:48:43
IP адрес: ::1
Тип операции: INFO
Сообщение: PNG загружен с поддержкой прозрачности
Детали операции:
    ip: ::1
=======================

=== Операция конвертации ===
Время начала: 2025-07-27 12:48:43
IP адрес: ::1
Тип операции: INFO
Сообщение: Начало конвертации изображения
Детали операции:
    target_format: png
    output_file: 6886040b99bd4.png
    full_path: ../../converted/6886040b99bd4.png
    ip: ::1
=======================

=== Операция конвертации ===
Время начала: 2025-07-27 12:48:43
IP адрес: ::1
Тип операции: SUCCESS
Сообщение: Успешная конвертация изображения
Детали операции:
    original_filename: Снимок экрана 2025-07-26 215832.png
    converted_filename: 6886040b99bd4.png
    converted_size: 27363
    output_path: C:\xampp2\htdocs\convertor_www\converted\6886040b99bd4.png
    ip: ::1
=======================

=== Операция конвертации ===
Время начала: 2025-07-27 12:48:45
IP адрес: ::1
Тип операции: START
Сообщение: Запуск скрипта, проверка компонентов...
Детали операции:
    GD: Проверка...
=======================

=== Операция конвертации ===
Время начала: 2025-07-27 12:48:45
IP адрес: ::1
Тип операции: INFO
Сообщение: Пользователь не авторизован
=======================

=== Операция конвертации ===
Время начала: 2025-07-27 12:48:45
IP адрес: ::1
Тип операции: WARNING
Сообщение: IP не определен через прокси, взят REMOTE_ADDR
Детали операции:
    Default IP: ::1
=======================

=== Операция конвертации ===
Время начала: 2025-07-27 12:48:45
IP адрес: ::1
Тип операции: INFO
Сообщение: Запуск запроса на обработку изображения
Детали операции:
    request:
        format: jpeg
        quality: 80
    ip: ::1
=======================

=== Операция конвертации ===
Время начала: 2025-07-27 12:48:45
IP адрес: ::1
Тип операции: INFO
Сообщение: Получение параметров
Детали операции:
    original_filename: Снимок экрана 2025-07-26 224605.png
    tmp_name: C:\xampp2\tmp\php12F8.tmp
    mime_type: image/png
    size: 396400
    format: jpeg
    quality: 80
    ip: ::1
=======================

=== Операция конвертации ===
Время начала: 2025-07-27 12:48:45
IP адрес: ::1
Тип операции: INFO
Сообщение: PNG загружен с поддержкой прозрачности
Детали операции:
    ip: ::1
=======================

=== Операция конвертации ===
Время начала: 2025-07-27 12:48:45
IP адрес: ::1
Тип операции: INFO
Сообщение: Начало конвертации изображения
Детали операции:
    target_format: jpeg
    output_file: 6886040d684fa.jpeg
    full_path: ../../converted/6886040d684fa.jpeg
    ip: ::1
=======================

=== Операция конвертации ===
Время начала: 2025-07-27 12:48:45
IP адрес: ::1
Тип операции: SUCCESS
Сообщение: Успешная конвертация изображения
Детали операции:
    original_filename: Снимок экрана 2025-07-26 224605.png
    converted_filename: 6886040d684fa.jpeg
    converted_size: 168173
    output_path: C:\xampp2\htdocs\convertor_www\converted\6886040d684fa.jpeg
    ip: ::1
=======================

=== Операция конвертации ===
Время начала: 2025-07-27 12:48:50
IP адрес: ::1
Тип операции: START
Сообщение: Запуск скрипта, проверка компонентов...
Детали операции:
    GD: Проверка...
=======================

=== Операция конвертации ===
Время начала: 2025-07-27 12:48:50
IP адрес: ::1
Тип операции: INFO
Сообщение: Пользователь не авторизован
=======================

=== Операция конвертации ===
Время начала: 2025-07-27 12:48:50
IP адрес: ::1
Тип операции: WARNING
Сообщение: IP не определен через прокси, взят REMOTE_ADDR
Детали операции:
    Default IP: ::1
=======================

=== Операция конвертации ===
Время начала: 2025-07-27 12:48:50
IP адрес: ::1
Тип операции: INFO
Сообщение: Запуск запроса на обработку изображения
Детали операции:
    request:
        format: jpeg
        quality: 80
    ip: ::1
=======================

=== Операция конвертации ===
Время начала: 2025-07-27 12:48:50
IP адрес: ::1
Тип операции: INFO
Сообщение: Получение параметров
Детали операции:
    original_filename: 6884023fad0de.avif
    tmp_name: C:\xampp2\tmp\php274C.tmp
    mime_type: image/avif
    size: 36073
    format: jpeg
    quality: 80
    ip: ::1
=======================

=== Операция конвертации ===
Время начала: 2025-07-27 12:48:50
IP адрес: ::1
Тип операции: START
Сообщение: Запуск скрипта, проверка компонентов...
Детали операции:
    GD: Проверка...
=======================

=== Операция конвертации ===
Время начала: 2025-07-27 12:48:50
IP адрес: ::1
Тип операции: INFO
Сообщение: Пользователь не авторизован
=======================

=== Операция конвертации ===
Время начала: 2025-07-27 12:48:50
IP адрес: ::1
Тип операции: WARNING
Сообщение: IP не определен через прокси, взят REMOTE_ADDR
Детали операции:
    Default IP: ::1
=======================

=== Операция конвертации ===
Время начала: 2025-07-27 12:48:50
IP адрес: ::1
Тип операции: INFO
Сообщение: Запуск запроса на обработку изображения
Детали операции:
    request:
        format: jpeg
        quality: 80
    ip: ::1
=======================

=== Операция конвертации ===
Время начала: 2025-07-27 12:48:50
IP адрес: ::1
Тип операции: INFO
Сообщение: Получение параметров
Детали операции:
    original_filename: a8e980ee-d90e-46fa-af74-944cc72fbedd.jpg
    tmp_name: C:\xampp2\tmp\php274D.tmp
    mime_type: image/jpeg
    size: 56873
    format: jpeg
    quality: 80
    ip: ::1
=======================

=== Операция конвертации ===
Время начала: 2025-07-27 12:48:50
IP адрес: ::1
Тип операции: INFO
Сообщение: Изображение JPEG успешно загружено
Детали операции:
    uploaded_image: a8e980ee-d90e-46fa-af74-944cc72fbedd.jpg
    ip: ::1
=======================

=== Операция конвертации ===
Время начала: 2025-07-27 12:48:50
IP адрес: ::1
Тип операции: INFO
Сообщение: Начало конвертации изображения
Детали операции:
    target_format: jpeg
    output_file: 6886041297533.jpeg
    full_path: ../../converted/6886041297533.jpeg
    ip: ::1
=======================

=== Операция конвертации ===
Время начала: 2025-07-27 12:48:50
IP адрес: ::1
Тип операции: SUCCESS
Сообщение: Успешная конвертация изображения
Детали операции:
    original_filename: a8e980ee-d90e-46fa-af74-944cc72fbedd.jpg
    converted_filename: 6886041297533.jpeg
    converted_size: 59530
    output_path: C:\xampp2\htdocs\convertor_www\converted\6886041297533.jpeg
    ip: ::1
=======================

=== Операция конвертации ===
Время начала: 2025-07-27 12:48:50
IP адрес: ::1
Тип операции: START
Сообщение: Запуск скрипта, проверка компонентов...
Детали операции:
    GD: Проверка...
=======================

=== Операция конвертации ===
Время начала: 2025-07-27 12:48:50
IP адрес: ::1
Тип операции: INFO
Сообщение: Пользователь не авторизован
=======================

=== Операция конвертации ===
Время начала: 2025-07-27 12:48:50
IP адрес: ::1
Тип операции: WARNING
Сообщение: IP не определен через прокси, взят REMOTE_ADDR
Детали операции:
    Default IP: ::1
=======================

=== Операция конвертации ===
Время начала: 2025-07-27 12:48:50
IP адрес: ::1
Тип операции: INFO
Сообщение: Запуск запроса на обработку изображения
Детали операции:
    request:
        format: jpeg
        quality: 80
    ip: ::1
=======================

=== Операция конвертации ===
Время начала: 2025-07-27 12:48:50
IP адрес: ::1
Тип операции: INFO
Сообщение: Получение параметров
Детали операции:
    original_filename: Programming meme.jpg
    tmp_name: C:\xampp2\tmp\php274E.tmp
    mime_type: image/jpeg
    size: 48906
    format: jpeg
    quality: 80
    ip: ::1
=======================

=== Операция конвертации ===
Время начала: 2025-07-27 12:48:50
IP адрес: ::1
Тип операции: INFO
Сообщение: Изображение JPEG успешно загружено
Детали операции:
    uploaded_image: Programming meme.jpg
    ip: ::1
=======================

=== Операция конвертации ===
Время начала: 2025-07-27 12:48:50
IP адрес: ::1
Тип операции: INFO
Сообщение: Начало конвертации изображения
Детали операции:
    target_format: jpeg
    output_file: 688604129b974.jpeg
    full_path: ../../converted/688604129b974.jpeg
    ip: ::1
=======================

=== Операция конвертации ===
Время начала: 2025-07-27 12:48:50
IP адрес: ::1
Тип операции: SUCCESS
Сообщение: Успешная конвертация изображения
Детали операции:
    original_filename: Programming meme.jpg
    converted_filename: 688604129b974.jpeg
    converted_size: 51933
    output_path: C:\xampp2\htdocs\convertor_www\converted\688604129b974.jpeg
    ip: ::1
=======================

=== Операция конвертации ===
Время начала: 2025-07-27 12:48:50
IP адрес: ::1
Тип операции: START
Сообщение: Запуск скрипта, проверка компонентов...
Детали операции:
    GD: Проверка...
=======================

=== Операция конвертации ===
Время начала: 2025-07-27 12:48:50
IP адрес: ::1
Тип операции: INFO
Сообщение: Пользователь не авторизован
=======================

=== Операция конвертации ===
Время начала: 2025-07-27 12:48:50
IP адрес: ::1
Тип операции: WARNING
Сообщение: IP не определен через прокси, взят REMOTE_ADDR
Детали операции:
    Default IP: ::1
=======================

=== Операция конвертации ===
Время начала: 2025-07-27 12:48:50
IP адрес: ::1
Тип операции: INFO
Сообщение: Запуск запроса на обработку изображения
Детали операции:
    request:
        format: jpeg
        quality: 80
    ip: ::1
=======================

=== Операция конвертации ===
Время начала: 2025-07-27 12:48:50
IP адрес: ::1
Тип операции: INFO
Сообщение: Получение параметров
Детали операции:
    original_filename: 6884023fad0de (1).avif
    tmp_name: C:\xampp2\tmp\php275E.tmp
    mime_type: image/avif
    size: 36073
    format: jpeg
    quality: 80
    ip: ::1
=======================

=== Операция конвертации ===
Время начала: 2025-07-27 12:48:50
IP адрес: ::1
Тип операции: START
Сообщение: Запуск скрипта, проверка компонентов...
Детали операции:
    GD: Проверка...
=======================

=== Операция конвертации ===
Время начала: 2025-07-27 12:48:50
IP адрес: ::1
Тип операции: INFO
Сообщение: Пользователь не авторизован
=======================

=== Операция конвертации ===
Время начала: 2025-07-27 12:48:50
IP адрес: ::1
Тип операции: WARNING
Сообщение: IP не определен через прокси, взят REMOTE_ADDR
Детали операции:
    Default IP: ::1
=======================

=== Операция конвертации ===
Время начала: 2025-07-27 12:48:50
IP адрес: ::1
Тип операции: INFO
Сообщение: Запуск запроса на обработку изображения
Детали операции:
    request:
        format: jpeg
        quality: 80
    ip: ::1
=======================

=== Операция конвертации ===
Время начала: 2025-07-27 12:48:50
IP адрес: ::1
Тип операции: INFO
Сообщение: Получение параметров
Детали операции:
    original_filename: Снимок экрана 2025-07-26 001402.png
    tmp_name: C:\xampp2\tmp\php275F.tmp
    mime_type: image/png
    size: 32636
    format: jpeg
    quality: 80
    ip: ::1
=======================

=== Операция конвертации ===
Время начала: 2025-07-27 12:48:50
IP адрес: ::1
Тип операции: INFO
Сообщение: PNG загружен с поддержкой прозрачности
Детали операции:
    ip: ::1
=======================

=== Операция конвертации ===
Время начала: 2025-07-27 12:48:50
IP адрес: ::1
Тип операции: INFO
Сообщение: Начало конвертации изображения
Детали операции:
    target_format: jpeg
    output_file: 68860412a2628.jpeg
    full_path: ../../converted/68860412a2628.jpeg
    ip: ::1
=======================

=== Операция конвертации ===
Время начала: 2025-07-27 12:48:50
IP адрес: ::1
Тип операции: SUCCESS
Сообщение: Успешная конвертация изображения
Детали операции:
    original_filename: Снимок экрана 2025-07-26 001402.png
    converted_filename: 68860412a2628.jpeg
    converted_size: 27384
    output_path: C:\xampp2\htdocs\convertor_www\converted\68860412a2628.jpeg
    ip: ::1
=======================

=== Операция конвертации ===
Время начала: 2025-07-27 12:48:50
IP адрес: ::1
Тип операции: START
Сообщение: Запуск скрипта, проверка компонентов...
Детали операции:
    GD: Проверка...
=======================

=== Операция конвертации ===
Время начала: 2025-07-27 12:48:50
IP адрес: ::1
Тип операции: INFO
Сообщение: Пользователь не авторизован
=======================

=== Операция конвертации ===
Время начала: 2025-07-27 12:48:50
IP адрес: ::1
Тип операции: WARNING
Сообщение: IP не определен через прокси, взят REMOTE_ADDR
Детали операции:
    Default IP: ::1
=======================

=== Операция конвертации ===
Время начала: 2025-07-27 12:48:50
IP адрес: ::1
Тип операции: INFO
Сообщение: Запуск запроса на обработку изображения
Детали операции:
    request:
        format: jpeg
        quality: 80
    ip: ::1
=======================

=== Операция конвертации ===
Время начала: 2025-07-27 12:48:50
IP адрес: ::1
Тип операции: INFO
Сообщение: Получение параметров
Детали операции:
    original_filename: загружено (4).jpg
    tmp_name: C:\xampp2\tmp\php2760.tmp
    mime_type: image/jpeg
    size: 52067
    format: jpeg
    quality: 80
    ip: ::1
=======================

=== Операция конвертации ===
Время начала: 2025-07-27 12:48:50
IP адрес: ::1
Тип операции: INFO
Сообщение: Изображение JPEG успешно загружено
Детали операции:
    uploaded_image: загружено (4).jpg
    ip: ::1
=======================

=== Операция конвертации ===
Время начала: 2025-07-27 12:48:50
IP адрес: ::1
Тип операции: INFO
Сообщение: Начало конвертации изображения
Детали операции:
    target_format: jpeg
    output_file: 68860412a72fc.jpeg
    full_path: ../../converted/68860412a72fc.jpeg
    ip: ::1
=======================

=== Операция конвертации ===
Время начала: 2025-07-27 12:48:50
IP адрес: ::1
Тип операции: SUCCESS
Сообщение: Успешная конвертация изображения
Детали операции:
    original_filename: загружено (4).jpg
    converted_filename: 68860412a72fc.jpeg
    converted_size: 59552
    output_path: C:\xampp2\htdocs\convertor_www\converted\68860412a72fc.jpeg
    ip: ::1
=======================

=== Операция конвертации ===
Время начала: 2025-07-27 12:48:50
IP адрес: ::1
Тип операции: START
Сообщение: Запуск скрипта, проверка компонентов...
Детали операции:
    GD: Проверка...
=======================

=== Операция конвертации ===
Время начала: 2025-07-27 12:48:50
IP адрес: ::1
Тип операции: INFO
Сообщение: Пользователь не авторизован
=======================

=== Операция конвертации ===
Время начала: 2025-07-27 12:48:50
IP адрес: ::1
Тип операции: WARNING
Сообщение: IP не определен через прокси, взят REMOTE_ADDR
Детали операции:
    Default IP: ::1
=======================

=== Операция конвертации ===
Время начала: 2025-07-27 12:48:50
IP адрес: ::1
Тип операции: INFO
Сообщение: Запуск запроса на обработку изображения
Детали операции:
    request:
        format: jpeg
        quality: 80
    ip: ::1
=======================

=== Операция конвертации ===
Время начала: 2025-07-27 12:48:50
IP адрес: ::1
Тип операции: INFO
Сообщение: Получение параметров
Детали операции:
    original_filename: Снимок экрана 2025-07-26 000438.png
    tmp_name: C:\xampp2\tmp\php2761.tmp
    mime_type: image/png
    size: 27158
    format: jpeg
    quality: 80
    ip: ::1
=======================

=== Операция конвертации ===
Время начала: 2025-07-27 12:48:50
IP адрес: ::1
Тип операции: INFO
Сообщение: PNG загружен с поддержкой прозрачности
Детали операции:
    ip: ::1
=======================

=== Операция конвертации ===
Время начала: 2025-07-27 12:48:50
IP адрес: ::1
Тип операции: INFO
Сообщение: Начало конвертации изображения
Детали операции:
    target_format: jpeg
    output_file: 68860412ac021.jpeg
    full_path: ../../converted/68860412ac021.jpeg
    ip: ::1
=======================

=== Операция конвертации ===
Время начала: 2025-07-27 12:48:50
IP адрес: ::1
Тип операции: SUCCESS
Сообщение: Успешная конвертация изображения
Детали операции:
    original_filename: Снимок экрана 2025-07-26 000438.png
    converted_filename: 68860412ac021.jpeg
    converted_size: 22874
    output_path: C:\xampp2\htdocs\convertor_www\converted\68860412ac021.jpeg
    ip: ::1
=======================

=== Операция конвертации ===
Время начала: 2025-07-27 12:48:50
IP адрес: ::1
Тип операции: START
Сообщение: Запуск скрипта, проверка компонентов...
Детали операции:
    GD: Проверка...
=======================

=== Операция конвертации ===
Время начала: 2025-07-27 12:48:50
IP адрес: ::1
Тип операции: INFO
Сообщение: Пользователь не авторизован
=======================

=== Операция конвертации ===
Время начала: 2025-07-27 12:48:50
IP адрес: ::1
Тип операции: WARNING
Сообщение: IP не определен через прокси, взят REMOTE_ADDR
Детали операции:
    Default IP: ::1
=======================

=== Операция конвертации ===
Время начала: 2025-07-27 12:48:50
IP адрес: ::1
Тип операции: INFO
Сообщение: Запуск запроса на обработку изображения
Детали операции:
    request:
        format: jpeg
        quality: 80
    ip: ::1
=======================

=== Операция конвертации ===
Время начала: 2025-07-27 12:48:50
IP адрес: ::1
Тип операции: INFO
Сообщение: Получение параметров
Детали операции:
    original_filename: Снимок экрана 2025-07-26 000452.png
    tmp_name: C:\xampp2\tmp\php2772.tmp
    mime_type: image/png
    size: 32303
    format: jpeg
    quality: 80
    ip: ::1
=======================

=== Операция конвертации ===
Время начала: 2025-07-27 12:48:50
IP адрес: ::1
Тип операции: INFO
Сообщение: PNG загружен с поддержкой прозрачности
Детали операции:
    ip: ::1
=======================

=== Операция конвертации ===
Время начала: 2025-07-27 12:48:50
IP адрес: ::1
Тип операции: INFO
Сообщение: Начало конвертации изображения
Детали операции:
    target_format: jpeg
    output_file: 68860412b4d37.jpeg
    full_path: ../../converted/68860412b4d37.jpeg
    ip: ::1
=======================

=== Операция конвертации ===
Время начала: 2025-07-27 12:48:50
IP адрес: ::1
Тип операции: SUCCESS
Сообщение: Успешная конвертация изображения
Детали операции:
    original_filename: Снимок экрана 2025-07-26 000452.png
    converted_filename: 68860412b4d37.jpeg
    converted_size: 22816
    output_path: C:\xampp2\htdocs\convertor_www\converted\68860412b4d37.jpeg
    ip: ::1
=======================

=== Операция конвертации ===
Время начала: 2025-07-27 12:48:50
IP адрес: ::1
Тип операции: START
Сообщение: Запуск скрипта, проверка компонентов...
Детали операции:
    GD: Проверка...
=======================

=== Операция конвертации ===
Время начала: 2025-07-27 12:48:50
IP адрес: ::1
Тип операции: INFO
Сообщение: Пользователь не авторизован
=======================

=== Операция конвертации ===
Время начала: 2025-07-27 12:48:50
IP адрес: ::1
Тип операции: WARNING
Сообщение: IP не определен через прокси, взят REMOTE_ADDR
Детали операции:
    Default IP: ::1
=======================

=== Операция конвертации ===
Время начала: 2025-07-27 12:48:50
IP адрес: ::1
Тип операции: INFO
Сообщение: Запуск запроса на обработку изображения
Детали операции:
    request:
        format: jpeg
        quality: 80
    ip: ::1
=======================

=== Операция конвертации ===
Время начала: 2025-07-27 12:48:50
IP адрес: ::1
Тип операции: INFO
Сообщение: Получение параметров
Детали операции:
    original_filename: 6884c9e1ded5f.webp
    tmp_name: C:\xampp2\tmp\php2783.tmp
    mime_type: image/webp
    size: 58550
    format: jpeg
    quality: 80
    ip: ::1
=======================

=== Операция конвертации ===
Время начала: 2025-07-27 12:48:50
IP адрес: ::1
Тип операции: START
Сообщение: Запуск скрипта, проверка компонентов...
Детали операции:
    GD: Проверка...
=======================

=== Операция конвертации ===
Время начала: 2025-07-27 12:48:50
IP адрес: ::1
Тип операции: INFO
Сообщение: Пользователь не авторизован
=======================

=== Операция конвертации ===
Время начала: 2025-07-27 12:48:50
IP адрес: ::1
Тип операции: WARNING
Сообщение: IP не определен через прокси, взят REMOTE_ADDR
Детали операции:
    Default IP: ::1
=======================

=== Операция конвертации ===
Время начала: 2025-07-27 12:48:50
IP адрес: ::1
Тип операции: INFO
Сообщение: Запуск запроса на обработку изображения
Детали операции:
    request:
        format: jpeg
        quality: 80
    ip: ::1
=======================

=== Операция конвертации ===
Время начала: 2025-07-27 12:48:50
IP адрес: ::1
Тип операции: INFO
Сообщение: Получение параметров
Детали операции:
    original_filename: Снимок экрана 2025-07-26 215832.png
    tmp_name: C:\xampp2\tmp\php2784.tmp
    mime_type: image/png
    size: 25040
    format: jpeg
    quality: 80
    ip: ::1
=======================

=== Операция конвертации ===
Время начала: 2025-07-27 12:48:50
IP адрес: ::1
Тип операции: INFO
Сообщение: PNG загружен с поддержкой прозрачности
Детали операции:
    ip: ::1
=======================

=== Операция конвертации ===
Время начала: 2025-07-27 12:48:50
IP адрес: ::1
Тип операции: INFO
Сообщение: Начало конвертации изображения
Детали операции:
    target_format: jpeg
    output_file: 68860412bcd10.jpeg
    full_path: ../../converted/68860412bcd10.jpeg
    ip: ::1
=======================

=== Операция конвертации ===
Время начала: 2025-07-27 12:48:50
IP адрес: ::1
Тип операции: SUCCESS
Сообщение: Успешная конвертация изображения
Детали операции:
    original_filename: Снимок экрана 2025-07-26 215832.png
    converted_filename: 68860412bcd10.jpeg
    converted_size: 5932
    output_path: C:\xampp2\htdocs\convertor_www\converted\68860412bcd10.jpeg
    ip: ::1
=======================

=== Операция конвертации ===
Время начала: 2025-07-27 12:48:50
IP адрес: ::1
Тип операции: START
Сообщение: Запуск скрипта, проверка компонентов...
Детали операции:
    GD: Проверка...
=======================

=== Операция конвертации ===
Время начала: 2025-07-27 12:48:50
IP адрес: ::1
Тип операции: INFO
Сообщение: Пользователь не авторизован
=======================

=== Операция конвертации ===
Время начала: 2025-07-27 12:48:50
IP адрес: ::1
Тип операции: WARNING
Сообщение: IP не определен через прокси, взят REMOTE_ADDR
Детали операции:
    Default IP: ::1
=======================

=== Операция конвертации ===
Время начала: 2025-07-27 12:48:50
IP адрес: ::1
Тип операции: INFO
Сообщение: Запуск запроса на обработку изображения
Детали операции:
    request:
        format: jpeg
        quality: 80
    ip: ::1
=======================

=== Операция конвертации ===
Время начала: 2025-07-27 12:48:50
IP адрес: ::1
Тип операции: INFO
Сообщение: Получение параметров
Детали операции:
    original_filename: Снимок экрана 2025-07-26 210906.png
    tmp_name: C:\xampp2\tmp\php27A4.tmp
    mime_type: image/png
    size: 49849
    format: jpeg
    quality: 80
    ip: ::1
=======================

=== Операция конвертации ===
Время начала: 2025-07-27 12:48:50
IP адрес: ::1
Тип операции: INFO
Сообщение: PNG загружен с поддержкой прозрачности
Детали операции:
    ip: ::1
=======================

=== Операция конвертации ===
Время начала: 2025-07-27 12:48:50
IP адрес: ::1
Тип операции: INFO
Сообщение: Начало конвертации изображения
Детали операции:
    target_format: jpeg
    output_file: 68860412bfdc9.jpeg
    full_path: ../../converted/68860412bfdc9.jpeg
    ip: ::1
=======================

=== Операция конвертации ===
Время начала: 2025-07-27 12:48:50
IP адрес: ::1
Тип операции: SUCCESS
Сообщение: Успешная конвертация изображения
Детали операции:
    original_filename: Снимок экрана 2025-07-26 210906.png
    converted_filename: 68860412bfdc9.jpeg
    converted_size: 22746
    output_path: C:\xampp2\htdocs\convertor_www\converted\68860412bfdc9.jpeg
    ip: ::1
=======================

=== Операция конвертации ===
Время начала: 2025-07-27 12:48:50
IP адрес: ::1
Тип операции: START
Сообщение: Запуск скрипта, проверка компонентов...
Детали операции:
    GD: Проверка...
=======================

=== Операция конвертации ===
Время начала: 2025-07-27 12:48:50
IP адрес: ::1
Тип операции: INFO
Сообщение: Пользователь не авторизован
=======================

=== Операция конвертации ===
Время начала: 2025-07-27 12:48:50
IP адрес: ::1
Тип операции: WARNING
Сообщение: IP не определен через прокси, взят REMOTE_ADDR
Детали операции:
    Default IP: ::1
=======================

=== Операция конвертации ===
Время начала: 2025-07-27 12:48:50
IP адрес: ::1
Тип операции: INFO
Сообщение: Запуск запроса на обработку изображения
Детали операции:
    request:
        format: jpeg
        quality: 80
    ip: ::1
=======================

=== Операция конвертации ===
Время начала: 2025-07-27 12:48:50
IP адрес: ::1
Тип операции: INFO
Сообщение: Получение параметров
Детали операции:
    original_filename: Снимок экрана 2025-07-26 221403.png
    tmp_name: C:\xampp2\tmp\php27B5.tmp
    mime_type: image/png
    size: 31301
    format: jpeg
    quality: 80
    ip: ::1
=======================

=== Операция конвертации ===
Время начала: 2025-07-27 12:48:50
IP адрес: ::1
Тип операции: INFO
Сообщение: PNG загружен с поддержкой прозрачности
Детали операции:
    ip: ::1
=======================

=== Операция конвертации ===
Время начала: 2025-07-27 12:48:50
IP адрес: ::1
Тип операции: INFO
Сообщение: Начало конвертации изображения
Детали операции:
    target_format: jpeg
    output_file: 68860412c2d40.jpeg
    full_path: ../../converted/68860412c2d40.jpeg
    ip: ::1
=======================

=== Операция конвертации ===
Время начала: 2025-07-27 12:48:50
IP адрес: ::1
Тип операции: SUCCESS
Сообщение: Успешная конвертация изображения
Детали операции:
    original_filename: Снимок экрана 2025-07-26 221403.png
    converted_filename: 68860412c2d40.jpeg
    converted_size: 7561
    output_path: C:\xampp2\htdocs\convertor_www\converted\68860412c2d40.jpeg
    ip: ::1
=======================

=== Операция конвертации ===
Время начала: 2025-07-27 12:48:50
IP адрес: ::1
Тип операции: START
Сообщение: Запуск скрипта, проверка компонентов...
Детали операции:
    GD: Проверка...
=======================

=== Операция конвертации ===
Время начала: 2025-07-27 12:48:50
IP адрес: ::1
Тип операции: INFO
Сообщение: Пользователь не авторизован
=======================

=== Операция конвертации ===
Время начала: 2025-07-27 12:48:50
IP адрес: ::1
Тип операции: WARNING
Сообщение: IP не определен через прокси, взят REMOTE_ADDR
Детали операции:
    Default IP: ::1
=======================

=== Операция конвертации ===
Время начала: 2025-07-27 12:48:50
IP адрес: ::1
Тип операции: INFO
Сообщение: Запуск запроса на обработку изображения
Детали операции:
    request:
        format: jpeg
        quality: 80
    ip: ::1
=======================

=== Операция конвертации ===
Время начала: 2025-07-27 12:48:50
IP адрес: ::1
Тип операции: INFO
Сообщение: Получение параметров
Детали операции:
    original_filename: auth_image.avif
    tmp_name: C:\xampp2\tmp\php27D5.tmp
    mime_type: image/avif
    size: 81558
    format: jpeg
    quality: 80
    ip: ::1
=======================

=== Операция конвертации ===
Время начала: 2025-07-27 12:48:50
IP адрес: ::1
Тип операции: START
Сообщение: Запуск скрипта, проверка компонентов...
Детали операции:
    GD: Проверка...
=======================

=== Операция конвертации ===
Время начала: 2025-07-27 12:48:50
IP адрес: ::1
Тип операции: INFO
Сообщение: Пользователь не авторизован
=======================

=== Операция конвертации ===
Время начала: 2025-07-27 12:48:50
IP адрес: ::1
Тип операции: WARNING
Сообщение: IP не определен через прокси, взят REMOTE_ADDR
Детали операции:
    Default IP: ::1
=======================

=== Операция конвертации ===
Время начала: 2025-07-27 12:48:50
IP адрес: ::1
Тип операции: INFO
Сообщение: Запуск запроса на обработку изображения
Детали операции:
    request:
        format: jpeg
        quality: 80
    ip: ::1
=======================

=== Операция конвертации ===
Время начала: 2025-07-27 12:48:50
IP адрес: ::1
Тип операции: INFO
Сообщение: Получение параметров
Детали операции:
    original_filename: загружено (3).jpg
    tmp_name: C:\xampp2\tmp\php27F5.tmp
    mime_type: image/jpeg
    size: 83935
    format: jpeg
    quality: 80
    ip: ::1
=======================

=== Операция конвертации ===
Время начала: 2025-07-27 12:48:50
IP адрес: ::1
Тип операции: INFO
Сообщение: Изображение JPEG успешно загружено
Детали операции:
    uploaded_image: загружено (3).jpg
    ip: ::1
=======================

=== Операция конвертации ===
Время начала: 2025-07-27 12:48:50
IP адрес: ::1
Тип операции: INFO
Сообщение: Начало конвертации изображения
Детали операции:
    target_format: jpeg
    output_file: 68860412c828d.jpeg
    full_path: ../../converted/68860412c828d.jpeg
    ip: ::1
=======================

=== Операция конвертации ===
Время начала: 2025-07-27 12:48:50
IP адрес: ::1
Тип операции: SUCCESS
Сообщение: Успешная конвертация изображения
Детали операции:
    original_filename: загружено (3).jpg
    converted_filename: 68860412c828d.jpeg
    converted_size: 84966
    output_path: C:\xampp2\htdocs\convertor_www\converted\68860412c828d.jpeg
    ip: ::1
=======================

=== Операция конвертации ===
Время начала: 2025-07-27 12:48:50
IP адрес: ::1
Тип операции: START
Сообщение: Запуск скрипта, проверка компонентов...
Детали операции:
    GD: Проверка...
=======================

=== Операция конвертации ===
Время начала: 2025-07-27 12:48:50
IP адрес: ::1
Тип операции: INFO
Сообщение: Пользователь не авторизован
=======================

=== Операция конвертации ===
Время начала: 2025-07-27 12:48:50
IP адрес: ::1
Тип операции: WARNING
Сообщение: IP не определен через прокси, взят REMOTE_ADDR
Детали операции:
    Default IP: ::1
=======================

=== Операция конвертации ===
Время начала: 2025-07-27 12:48:50
IP адрес: ::1
Тип операции: INFO
Сообщение: Запуск запроса на обработку изображения
Детали операции:
    request:
        format: jpeg
        quality: 80
    ip: ::1
=======================

=== Операция конвертации ===
Время начала: 2025-07-27 12:48:50
IP адрес: ::1
Тип операции: INFO
Сообщение: Получение параметров
Детали операции:
    original_filename: загружено (2).jpg
    tmp_name: C:\xampp2\tmp\php2806.tmp
    mime_type: image/jpeg
    size: 83935
    format: jpeg
    quality: 80
    ip: ::1
=======================

=== Операция конвертации ===
Время начала: 2025-07-27 12:48:50
IP адрес: ::1
Тип операции: INFO
Сообщение: Изображение JPEG успешно загружено
Детали операции:
    uploaded_image: загружено (2).jpg
    ip: ::1
=======================

=== Операция конвертации ===
Время начала: 2025-07-27 12:48:50
IP адрес: ::1
Тип операции: INFO
Сообщение: Начало конвертации изображения
Детали операции:
    target_format: jpeg
    output_file: 68860412d07b1.jpeg
    full_path: ../../converted/68860412d07b1.jpeg
    ip: ::1
=======================

=== Операция конвертации ===
Время начала: 2025-07-27 12:48:50
IP адрес: ::1
Тип операции: SUCCESS
Сообщение: Успешная конвертация изображения
Детали операции:
    original_filename: загружено (2).jpg
    converted_filename: 68860412d07b1.jpeg
    converted_size: 84966
    output_path: C:\xampp2\htdocs\convertor_www\converted\68860412d07b1.jpeg
    ip: ::1
=======================

=== Операция конвертации ===
Время начала: 2025-07-27 12:48:50
IP адрес: ::1
Тип операции: START
Сообщение: Запуск скрипта, проверка компонентов...
Детали операции:
    GD: Проверка...
=======================

=== Операция конвертации ===
Время начала: 2025-07-27 12:48:50
IP адрес: ::1
Тип операции: INFO
Сообщение: Пользователь не авторизован
=======================

=== Операция конвертации ===
Время начала: 2025-07-27 12:48:50
IP адрес: ::1
Тип операции: WARNING
Сообщение: IP не определен через прокси, взят REMOTE_ADDR
Детали операции:
    Default IP: ::1
=======================

=== Операция конвертации ===
Время начала: 2025-07-27 12:48:50
IP адрес: ::1
Тип операции: INFO
Сообщение: Запуск запроса на обработку изображения
Детали операции:
    request:
        format: jpeg
        quality: 80
    ip: ::1
=======================

=== Операция конвертации ===
Время начала: 2025-07-27 12:48:50
IP адрес: ::1
Тип операции: INFO
Сообщение: Получение параметров
Детали операции:
    original_filename: 6883f2cbd1c1d.avif
    tmp_name: C:\xampp2\tmp\php2807.tmp
    mime_type: image/avif
    size: 7117
    format: jpeg
    quality: 80
    ip: ::1
=======================

=== Операция конвертации ===
Время начала: 2025-07-27 12:48:50
IP адрес: ::1
Тип операции: START
Сообщение: Запуск скрипта, проверка компонентов...
Детали операции:
    GD: Проверка...
=======================

=== Операция конвертации ===
Время начала: 2025-07-27 12:48:50
IP адрес: ::1
Тип операции: INFO
Сообщение: Пользователь не авторизован
=======================

=== Операция конвертации ===
Время начала: 2025-07-27 12:48:50
IP адрес: ::1
Тип операции: WARNING
Сообщение: IP не определен через прокси, взят REMOTE_ADDR
Детали операции:
    Default IP: ::1
=======================

=== Операция конвертации ===
Время начала: 2025-07-27 12:48:50
IP адрес: ::1
Тип операции: INFO
Сообщение: Запуск запроса на обработку изображения
Детали операции:
    request:
        format: jpeg
        quality: 80
    ip: ::1
=======================

=== Операция конвертации ===
Время начала: 2025-07-27 12:48:50
IP адрес: ::1
Тип операции: INFO
Сообщение: Получение параметров
Детали операции:
    original_filename: Снимок экрана 2025-07-26 144016.png
    tmp_name: C:\xampp2\tmp\php2817.tmp
    mime_type: image/png
    size: 131297
    format: jpeg
    quality: 80
    ip: ::1
=======================

=== Операция конвертации ===
Время начала: 2025-07-27 12:48:50
IP адрес: ::1
Тип операции: INFO
Сообщение: PNG загружен с поддержкой прозрачности
Детали операции:
    ip: ::1
=======================

=== Операция конвертации ===
Время начала: 2025-07-27 12:48:50
IP адрес: ::1
Тип операции: INFO
Сообщение: Начало конвертации изображения
Детали операции:
    target_format: jpeg
    output_file: 68860412dc6ff.jpeg
    full_path: ../../converted/68860412dc6ff.jpeg
    ip: ::1
=======================

=== Операция конвертации ===
Время начала: 2025-07-27 12:48:50
IP адрес: ::1
Тип операции: SUCCESS
Сообщение: Успешная конвертация изображения
Детали операции:
    original_filename: Снимок экрана 2025-07-26 144016.png
    converted_filename: 68860412dc6ff.jpeg
    converted_size: 128714
    output_path: C:\xampp2\htdocs\convertor_www\converted\68860412dc6ff.jpeg
    ip: ::1
=======================

=== Операция конвертации ===
Время начала: 2025-07-27 12:48:50
IP адрес: ::1
Тип операции: START
Сообщение: Запуск скрипта, проверка компонентов...
Детали операции:
    GD: Проверка...
=======================

=== Операция конвертации ===
Время начала: 2025-07-27 12:48:50
IP адрес: ::1
Тип операции: INFO
Сообщение: Пользователь не авторизован
=======================

=== Операция конвертации ===
Время начала: 2025-07-27 12:48:50
IP адрес: ::1
Тип операции: WARNING
Сообщение: IP не определен через прокси, взят REMOTE_ADDR
Детали операции:
    Default IP: ::1
=======================

=== Операция конвертации ===
Время начала: 2025-07-27 12:48:50
IP адрес: ::1
Тип операции: INFO
Сообщение: Запуск запроса на обработку изображения
Детали операции:
    request:
        format: jpeg
        quality: 80
    ip: ::1
=======================

=== Операция конвертации ===
Время начала: 2025-07-27 12:48:50
IP адрес: ::1
Тип операции: INFO
Сообщение: Получение параметров
Детали операции:
    original_filename: Снимок экрана 2025-07-26 144433.png
    tmp_name: C:\xampp2\tmp\php2828.tmp
    mime_type: image/png
    size: 46837
    format: jpeg
    quality: 80
    ip: ::1
=======================

=== Операция конвертации ===
Время начала: 2025-07-27 12:48:50
IP адрес: ::1
Тип операции: INFO
Сообщение: PNG загружен с поддержкой прозрачности
Детали операции:
    ip: ::1
=======================

=== Операция конвертации ===
Время начала: 2025-07-27 12:48:50
IP адрес: ::1
Тип операции: INFO
Сообщение: Начало конвертации изображения
Детали операции:
    target_format: jpeg
    output_file: 68860412e2c39.jpeg
    full_path: ../../converted/68860412e2c39.jpeg
    ip: ::1
=======================

=== Операция конвертации ===
Время начала: 2025-07-27 12:48:50
IP адрес: ::1
Тип операции: SUCCESS
Сообщение: Успешная конвертация изображения
Детали операции:
    original_filename: Снимок экрана 2025-07-26 144433.png
    converted_filename: 68860412e2c39.jpeg
    converted_size: 59543
    output_path: C:\xampp2\htdocs\convertor_www\converted\68860412e2c39.jpeg
    ip: ::1
=======================

=== Операция конвертации ===
Время начала: 2025-07-27 12:48:50
IP адрес: ::1
Тип операции: START
Сообщение: Запуск скрипта, проверка компонентов...
Детали операции:
    GD: Проверка...
=======================

=== Операция конвертации ===
Время начала: 2025-07-27 12:48:50
IP адрес: ::1
Тип операции: INFO
Сообщение: Пользователь не авторизован
=======================

=== Операция конвертации ===
Время начала: 2025-07-27 12:48:50
IP адрес: ::1
Тип операции: WARNING
Сообщение: IP не определен через прокси, взят REMOTE_ADDR
Детали операции:
    Default IP: ::1
=======================

=== Операция конвертации ===
Время начала: 2025-07-27 12:48:50
IP адрес: ::1
Тип операции: INFO
Сообщение: Запуск запроса на обработку изображения
Детали операции:
    request:
        format: jpeg
        quality: 80
    ip: ::1
=======================

=== Операция конвертации ===
Время начала: 2025-07-27 12:48:50
IP адрес: ::1
Тип операции: INFO
Сообщение: Получение параметров
Детали операции:
    original_filename: Devil may cry if it was peak.jpg
    tmp_name: C:\xampp2\tmp\php2829.tmp
    mime_type: image/jpeg
    size: 41303
    format: jpeg
    quality: 80
    ip: ::1
=======================

=== Операция конвертации ===
Время начала: 2025-07-27 12:48:50
IP адрес: ::1
Тип операции: INFO
Сообщение: Изображение JPEG успешно загружено
Детали операции:
    uploaded_image: Devil may cry if it was peak.jpg
    ip: ::1
=======================

=== Операция конвертации ===
Время начала: 2025-07-27 12:48:50
IP адрес: ::1
Тип операции: INFO
Сообщение: Начало конвертации изображения
Детали операции:
    target_format: jpeg
    output_file: 68860412e6000.jpeg
    full_path: ../../converted/68860412e6000.jpeg
    ip: ::1
=======================

=== Операция конвертации ===
Время начала: 2025-07-27 12:48:50
IP адрес: ::1
Тип операции: SUCCESS
Сообщение: Успешная конвертация изображения
Детали операции:
    original_filename: Devil may cry if it was peak.jpg
    converted_filename: 68860412e6000.jpeg
    converted_size: 42816
    output_path: C:\xampp2\htdocs\convertor_www\converted\68860412e6000.jpeg
    ip: ::1
=======================

=== Операция конвертации ===
Время начала: 2025-07-27 12:48:50
IP адрес: ::1
Тип операции: START
Сообщение: Запуск скрипта, проверка компонентов...
Детали операции:
    GD: Проверка...
=======================

=== Операция конвертации ===
Время начала: 2025-07-27 12:48:50
IP адрес: ::1
Тип операции: INFO
Сообщение: Пользователь не авторизован
=======================

=== Операция конвертации ===
Время начала: 2025-07-27 12:48:50
IP адрес: ::1
Тип операции: WARNING
Сообщение: IP не определен через прокси, взят REMOTE_ADDR
Детали операции:
    Default IP: ::1
=======================

=== Операция конвертации ===
Время начала: 2025-07-27 12:48:50
IP адрес: ::1
Тип операции: INFO
Сообщение: Запуск запроса на обработку изображения
Детали операции:
    request:
        format: jpeg
        quality: 80
    ip: ::1
=======================

=== Операция конвертации ===
Время начала: 2025-07-27 12:48:50
IP адрес: ::1
Тип операции: INFO
Сообщение: Получение параметров
Детали операции:
    original_filename: Снимок экрана 2025-07-26 004921.png
    tmp_name: C:\xampp2\tmp\php2849.tmp
    mime_type: image/png
    size: 291601
    format: jpeg
    quality: 80
    ip: ::1
=======================

=== Операция конвертации ===
Время начала: 2025-07-27 12:48:50
IP адрес: ::1
Тип операции: INFO
Сообщение: PNG загружен с поддержкой прозрачности
Детали операции:
    ip: ::1
=======================

=== Операция конвертации ===
Время начала: 2025-07-27 12:48:50
IP адрес: ::1
Тип операции: INFO
Сообщение: Начало конвертации изображения
Детали операции:
    target_format: jpeg
    output_file: 68860412ea561.jpeg
    full_path: ../../converted/68860412ea561.jpeg
    ip: ::1
=======================

=== Операция конвертации ===
Время начала: 2025-07-27 12:48:50
IP адрес: ::1
Тип операции: SUCCESS
Сообщение: Успешная конвертация изображения
Детали операции:
    original_filename: Снимок экрана 2025-07-26 004921.png
    converted_filename: 68860412ea561.jpeg
    converted_size: 136843
    output_path: C:\xampp2\htdocs\convertor_www\converted\68860412ea561.jpeg
    ip: ::1
=======================

=== Операция конвертации ===
Время начала: 2025-07-27 12:48:50
IP адрес: ::1
Тип операции: START
Сообщение: Запуск скрипта, проверка компонентов...
Детали операции:
    GD: Проверка...
=======================

=== Операция конвертации ===
Время начала: 2025-07-27 12:48:50
IP адрес: ::1
Тип операции: INFO
Сообщение: Пользователь не авторизован
=======================

=== Операция конвертации ===
Время начала: 2025-07-27 12:48:50
IP адрес: ::1
Тип операции: WARNING
Сообщение: IP не определен через прокси, взят REMOTE_ADDR
Детали операции:
    Default IP: ::1
=======================

=== Операция конвертации ===
Время начала: 2025-07-27 12:48:50
IP адрес: ::1
Тип операции: INFO
Сообщение: Запуск запроса на обработку изображения
Детали операции:
    request:
        format: jpeg
        quality: 80
    ip: ::1
=======================

=== Операция конвертации ===
Время начала: 2025-07-27 12:48:50
IP адрес: ::1
Тип операции: INFO
Сообщение: Получение параметров
Детали операции:
    original_filename: Снимок экрана 2025-07-26 153211.png
    tmp_name: C:\xampp2\tmp\php2869.tmp
    mime_type: image/png
    size: 194473
    format: jpeg
    quality: 80
    ip: ::1
=======================

=== Операция конвертации ===
Время начала: 2025-07-27 12:48:50
IP адрес: ::1
Тип операции: INFO
Сообщение: PNG загружен с поддержкой прозрачности
Детали операции:
    ip: ::1
=======================

=== Операция конвертации ===
Время начала: 2025-07-27 12:48:50
IP адрес: ::1
Тип операции: INFO
Сообщение: Начало конвертации изображения
Детали операции:
    target_format: jpeg
    output_file: 68860412f1527.jpeg
    full_path: ../../converted/68860412f1527.jpeg
    ip: ::1
=======================

=== Операция конвертации ===
Время начала: 2025-07-27 12:48:50
IP адрес: ::1
Тип операции: SUCCESS
Сообщение: Успешная конвертация изображения
Детали операции:
    original_filename: Снимок экрана 2025-07-26 153211.png
    converted_filename: 68860412f1527.jpeg
    converted_size: 133288
    output_path: C:\xampp2\htdocs\convertor_www\converted\68860412f1527.jpeg
    ip: ::1
=======================

=== Операция конвертации ===
Время начала: 2025-07-27 12:48:50
IP адрес: ::1
Тип операции: START
Сообщение: Запуск скрипта, проверка компонентов...
Детали операции:
    GD: Проверка...
=======================

=== Операция конвертации ===
Время начала: 2025-07-27 12:48:50
IP адрес: ::1
Тип операции: INFO
Сообщение: Пользователь не авторизован
=======================

=== Операция конвертации ===
Время начала: 2025-07-27 12:48:50
IP адрес: ::1
Тип операции: WARNING
Сообщение: IP не определен через прокси, взят REMOTE_ADDR
Детали операции:
    Default IP: ::1
=======================

=== Операция конвертации ===
Время начала: 2025-07-27 12:48:50
IP адрес: ::1
Тип операции: INFO
Сообщение: Запуск запроса на обработку изображения
Детали операции:
    request:
        format: jpeg
        quality: 80
    ip: ::1
=======================

=== Операция конвертации ===
Время начала: 2025-07-27 12:48:50
IP адрес: ::1
Тип операции: INFO
Сообщение: Получение параметров
Детали операции:
    original_filename: Снимок экрана 2025-07-26 144009.png
    tmp_name: C:\xampp2\tmp\php286A.tmp
    mime_type: image/png
    size: 316765
    format: jpeg
    quality: 80
    ip: ::1
=======================

=== Операция конвертации ===
Время начала: 2025-07-27 12:48:51
IP адрес: ::1
Тип операции: INFO
Сообщение: PNG загружен с поддержкой прозрачности
Детали операции:
    ip: ::1
=======================

=== Операция конвертации ===
Время начала: 2025-07-27 12:48:51
IP адрес: ::1
Тип операции: INFO
Сообщение: Начало конвертации изображения
Детали операции:
    target_format: jpeg
    output_file: 688604130583f.jpeg
    full_path: ../../converted/688604130583f.jpeg
    ip: ::1
=======================

=== Операция конвертации ===
Время начала: 2025-07-27 12:48:51
IP адрес: ::1
Тип операции: SUCCESS
Сообщение: Успешная конвертация изображения
Детали операции:
    original_filename: Снимок экрана 2025-07-26 144009.png
    converted_filename: 688604130583f.jpeg
    converted_size: 100164
    output_path: C:\xampp2\htdocs\convertor_www\converted\688604130583f.jpeg
    ip: ::1
=======================

=== Операция конвертации ===
Время начала: 2025-07-27 12:48:51
IP адрес: ::1
Тип операции: START
Сообщение: Запуск скрипта, проверка компонентов...
Детали операции:
    GD: Проверка...
=======================

=== Операция конвертации ===
Время начала: 2025-07-27 12:48:51
IP адрес: ::1
Тип операции: INFO
Сообщение: Пользователь не авторизован
=======================

=== Операция конвертации ===
Время начала: 2025-07-27 12:48:51
IP адрес: ::1
Тип операции: WARNING
Сообщение: IP не определен через прокси, взят REMOTE_ADDR
Детали операции:
    Default IP: ::1
=======================

=== Операция конвертации ===
Время начала: 2025-07-27 12:48:51
IP адрес: ::1
Тип операции: INFO
Сообщение: Запуск запроса на обработку изображения
Детали операции:
    request:
        format: jpeg
        quality: 80
    ip: ::1
=======================

=== Операция конвертации ===
Время начала: 2025-07-27 12:48:51
IP адрес: ::1
Тип операции: INFO
Сообщение: Получение параметров
Детали операции:
    original_filename: Снимок экрана 2025-07-26 143909.png
    tmp_name: C:\xampp2\tmp\php289A.tmp
    mime_type: image/png
    size: 350907
    format: jpeg
    quality: 80
    ip: ::1
=======================

=== Операция конвертации ===
Время начала: 2025-07-27 12:48:51
IP адрес: ::1
Тип операции: INFO
Сообщение: PNG загружен с поддержкой прозрачности
Детали операции:
    ip: ::1
=======================

=== Операция конвертации ===
Время начала: 2025-07-27 12:48:51
IP адрес: ::1
Тип операции: INFO
Сообщение: Начало конвертации изображения
Детали операции:
    target_format: jpeg
    output_file: 6886041310f97.jpeg
    full_path: ../../converted/6886041310f97.jpeg
    ip: ::1
=======================

=== Операция конвертации ===
Время начала: 2025-07-27 12:48:51
IP адрес: ::1
Тип операции: SUCCESS
Сообщение: Успешная конвертация изображения
Детали операции:
    original_filename: Снимок экрана 2025-07-26 143909.png
    converted_filename: 6886041310f97.jpeg
    converted_size: 92623
    output_path: C:\xampp2\htdocs\convertor_www\converted\6886041310f97.jpeg
    ip: ::1
=======================

=== Операция конвертации ===
Время начала: 2025-07-27 12:48:51
IP адрес: ::1
Тип операции: START
Сообщение: Запуск скрипта, проверка компонентов...
Детали операции:
    GD: Проверка...
=======================

=== Операция конвертации ===
Время начала: 2025-07-27 12:48:51
IP адрес: ::1
Тип операции: INFO
Сообщение: Пользователь не авторизован
=======================

=== Операция конвертации ===
Время начала: 2025-07-27 12:48:51
IP адрес: ::1
Тип операции: WARNING
Сообщение: IP не определен через прокси, взят REMOTE_ADDR
Детали операции:
    Default IP: ::1
=======================

=== Операция конвертации ===
Время начала: 2025-07-27 12:48:51
IP адрес: ::1
Тип операции: INFO
Сообщение: Запуск запроса на обработку изображения
Детали операции:
    request:
        format: jpeg
        quality: 80
    ip: ::1
=======================

=== Операция конвертации ===
Время начала: 2025-07-27 12:48:51
IP адрес: ::1
Тип операции: INFO
Сообщение: Получение параметров
Детали операции:
    original_filename: Снимок экрана 2025-07-26 224605.png
    tmp_name: C:\xampp2\tmp\php28AB.tmp
    mime_type: image/png
    size: 396400
    format: jpeg
    quality: 80
    ip: ::1
=======================

=== Операция конвертации ===
Время начала: 2025-07-27 12:48:51
IP адрес: ::1
Тип операции: INFO
Сообщение: PNG загружен с поддержкой прозрачности
Детали операции:
    ip: ::1
=======================

=== Операция конвертации ===
Время начала: 2025-07-27 12:48:51
IP адрес: ::1
Тип операции: INFO
Сообщение: Начало конвертации изображения
Детали операции:
    target_format: jpeg
    output_file: 688604131ff05.jpeg
    full_path: ../../converted/688604131ff05.jpeg
    ip: ::1
=======================

=== Операция конвертации ===
Время начала: 2025-07-27 12:48:51
IP адрес: ::1
Тип операции: SUCCESS
Сообщение: Успешная конвертация изображения
Детали операции:
    original_filename: Снимок экрана 2025-07-26 224605.png
    converted_filename: 688604131ff05.jpeg
    converted_size: 168173
    output_path: C:\xampp2\htdocs\convertor_www\converted\688604131ff05.jpeg
    ip: ::1
=======================

=== Операция конвертации ===
Время начала: 2025-07-27 12:48:51
IP адрес: ::1
Тип операции: START
Сообщение: Запуск скрипта, проверка компонентов...
Детали операции:
    GD: Проверка...
=======================

=== Операция конвертации ===
Время начала: 2025-07-27 12:48:51
IP адрес: ::1
Тип операции: INFO
Сообщение: Пользователь не авторизован
=======================

=== Операция конвертации ===
Время начала: 2025-07-27 12:48:51
IP адрес: ::1
Тип операции: WARNING
Сообщение: IP не определен через прокси, взят REMOTE_ADDR
Детали операции:
    Default IP: ::1
=======================

=== Операция конвертации ===
Время начала: 2025-07-27 12:48:51
IP адрес: ::1
Тип операции: INFO
Сообщение: Запуск запроса на обработку изображения
Детали операции:
    request:
        format: jpeg
        quality: 80
    ip: ::1
=======================

=== Операция конвертации ===
Время начала: 2025-07-27 12:48:51
IP адрес: ::1
Тип операции: INFO
Сообщение: Получение параметров
Детали операции:
    original_filename: Снимок экрана 2025-07-26 144002.png
    tmp_name: C:\xampp2\tmp\php28BC.tmp
    mime_type: image/png
    size: 297902
    format: jpeg
    quality: 80
    ip: ::1
=======================

=== Операция конвертации ===
Время начала: 2025-07-27 12:48:51
IP адрес: ::1
Тип операции: INFO
Сообщение: PNG загружен с поддержкой прозрачности
Детали операции:
    ip: ::1
=======================

=== Операция конвертации ===
Время начала: 2025-07-27 12:48:51
IP адрес: ::1
Тип операции: INFO
Сообщение: Начало конвертации изображения
Детали операции:
    target_format: jpeg
    output_file: 688604132fec0.jpeg
    full_path: ../../converted/688604132fec0.jpeg
    ip: ::1
=======================

=== Операция конвертации ===
Время начала: 2025-07-27 12:48:51
IP адрес: ::1
Тип операции: SUCCESS
Сообщение: Успешная конвертация изображения
Детали операции:
    original_filename: Снимок экрана 2025-07-26 144002.png
    converted_filename: 688604132fec0.jpeg
    converted_size: 76391
    output_path: C:\xampp2\htdocs\convertor_www\converted\688604132fec0.jpeg
    ip: ::1
=======================

=== Операция конвертации ===
Время начала: 2025-07-27 12:48:51
IP адрес: ::1
Тип операции: START
Сообщение: Запуск скрипта, проверка компонентов...
Детали операции:
    GD: Проверка...
=======================

=== Операция конвертации ===
Время начала: 2025-07-27 12:48:51
IP адрес: ::1
Тип операции: INFO
Сообщение: Пользователь не авторизован
=======================

=== Операция конвертации ===
Время начала: 2025-07-27 12:48:51
IP адрес: ::1
Тип операции: WARNING
Сообщение: IP не определен через прокси, взят REMOTE_ADDR
Детали операции:
    Default IP: ::1
=======================

=== Операция конвертации ===
Время начала: 2025-07-27 12:48:51
IP адрес: ::1
Тип операции: INFO
Сообщение: Запуск запроса на обработку изображения
Детали операции:
    request:
        format: jpeg
        quality: 80
    ip: ::1
=======================

=== Операция конвертации ===
Время начала: 2025-07-27 12:48:51
IP адрес: ::1
Тип операции: INFO
Сообщение: Получение параметров
Детали операции:
    original_filename: 7d41c7fa-ea8d-4886-9d16-300b2fea05f7.jpg
    tmp_name: C:\xampp2\tmp\php28CC.tmp
    mime_type: image/jpeg
    size: 71482
    format: jpeg
    quality: 80
    ip: ::1
=======================

=== Операция конвертации ===
Время начала: 2025-07-27 12:48:51
IP адрес: ::1
Тип операции: INFO
Сообщение: Изображение JPEG успешно загружено
Детали операции:
    uploaded_image: 7d41c7fa-ea8d-4886-9d16-300b2fea05f7.jpg
    ip: ::1
=======================

=== Операция конвертации ===
Время начала: 2025-07-27 12:48:51
IP адрес: ::1
Тип операции: INFO
Сообщение: Начало конвертации изображения
Детали операции:
    target_format: jpeg
    output_file: 688604133ac37.jpeg
    full_path: ../../converted/688604133ac37.jpeg
    ip: ::1
=======================

=== Операция конвертации ===
Время начала: 2025-07-27 12:48:51
IP адрес: ::1
Тип операции: SUCCESS
Сообщение: Успешная конвертация изображения
Детали операции:
    original_filename: 7d41c7fa-ea8d-4886-9d16-300b2fea05f7.jpg
    converted_filename: 688604133ac37.jpeg
    converted_size: 73630
    output_path: C:\xampp2\htdocs\convertor_www\converted\688604133ac37.jpeg
    ip: ::1
=======================

=== Операция конвертации ===
Время начала: 2025-07-27 12:48:51
IP адрес: ::1
Тип операции: START
Сообщение: Запуск скрипта, проверка компонентов...
Детали операции:
    GD: Проверка...
=======================

=== Операция конвертации ===
Время начала: 2025-07-27 12:48:51
IP адрес: ::1
Тип операции: INFO
Сообщение: Пользователь не авторизован
=======================

=== Операция конвертации ===
Время начала: 2025-07-27 12:48:51
IP адрес: ::1
Тип операции: WARNING
Сообщение: IP не определен через прокси, взят REMOTE_ADDR
Детали операции:
    Default IP: ::1
=======================

=== Операция конвертации ===
Время начала: 2025-07-27 12:48:51
IP адрес: ::1
Тип операции: INFO
Сообщение: Запуск запроса на обработку изображения
Детали операции:
    request:
        format: jpeg
        quality: 80
    ip: ::1
=======================

=== Операция конвертации ===
Время начала: 2025-07-27 12:48:51
IP адрес: ::1
Тип операции: INFO
Сообщение: Получение параметров
Детали операции:
    original_filename: 52f62b8c-a383-4f86-b4d6-5f6830b7ec0d.jpg
    tmp_name: C:\xampp2\tmp\php28EC.tmp
    mime_type: image/jpeg
    size: 145209
    format: jpeg
    quality: 80
    ip: ::1
=======================

=== Операция конвертации ===
Время начала: 2025-07-27 12:48:51
IP адрес: ::1
Тип операции: INFO
Сообщение: Изображение JPEG успешно загружено
Детали операции:
    uploaded_image: 52f62b8c-a383-4f86-b4d6-5f6830b7ec0d.jpg
    ip: ::1
=======================

=== Операция конвертации ===
Время начала: 2025-07-27 12:48:51
IP адрес: ::1
Тип операции: INFO
Сообщение: Начало конвертации изображения
Детали операции:
    target_format: jpeg
    output_file: 6886041341d97.jpeg
    full_path: ../../converted/6886041341d97.jpeg
    ip: ::1
=======================

=== Операция конвертации ===
Время начала: 2025-07-27 12:48:51
IP адрес: ::1
Тип операции: SUCCESS
Сообщение: Успешная конвертация изображения
Детали операции:
    original_filename: 52f62b8c-a383-4f86-b4d6-5f6830b7ec0d.jpg
    converted_filename: 6886041341d97.jpeg
    converted_size: 152786
    output_path: C:\xampp2\htdocs\convertor_www\converted\6886041341d97.jpeg
    ip: ::1
=======================

=== Операция конвертации ===
Время начала: 2025-07-27 12:48:51
IP адрес: ::1
Тип операции: START
Сообщение: Запуск скрипта, проверка компонентов...
Детали операции:
    GD: Проверка...
=======================

=== Операция конвертации ===
Время начала: 2025-07-27 12:48:51
IP адрес: ::1
Тип операции: INFO
Сообщение: Пользователь не авторизован
=======================

=== Операция конвертации ===
Время начала: 2025-07-27 12:48:51
IP адрес: ::1
Тип операции: WARNING
Сообщение: IP не определен через прокси, взят REMOTE_ADDR
Детали операции:
    Default IP: ::1
=======================

=== Операция конвертации ===
Время начала: 2025-07-27 12:48:51
IP адрес: ::1
Тип операции: INFO
Сообщение: Запуск запроса на обработку изображения
Детали операции:
    request:
        format: jpeg
        quality: 80
    ip: ::1
=======================

=== Операция конвертации ===
Время начала: 2025-07-27 12:48:51
IP адрес: ::1
Тип операции: INFO
Сообщение: Получение параметров
Детали операции:
    original_filename: Снимок экрана 2025-07-26 113508.png
    tmp_name: C:\xampp2\tmp\php291C.tmp
    mime_type: image/png
    size: 1133884
    format: jpeg
    quality: 80
    ip: ::1
=======================

=== Операция конвертации ===
Время начала: 2025-07-27 12:48:51
IP адрес: ::1
Тип операции: INFO
Сообщение: PNG загружен с поддержкой прозрачности
Детали операции:
    ip: ::1
=======================

=== Операция конвертации ===
Время начала: 2025-07-27 12:48:51
IP адрес: ::1
Тип операции: INFO
Сообщение: Начало конвертации изображения
Детали операции:
    target_format: jpeg
    output_file: 688604134f52d.jpeg
    full_path: ../../converted/688604134f52d.jpeg
    ip: ::1
=======================

=== Операция конвертации ===
Время начала: 2025-07-27 12:48:51
IP адрес: ::1
Тип операции: SUCCESS
Сообщение: Успешная конвертация изображения
Детали операции:
    original_filename: Снимок экрана 2025-07-26 113508.png
    converted_filename: 688604134f52d.jpeg
    converted_size: 178357
    output_path: C:\xampp2\htdocs\convertor_www\converted\688604134f52d.jpeg
    ip: ::1
=======================

=== Операция конвертации ===
Время начала: 2025-07-27 12:48:51
IP адрес: ::1
Тип операции: START
Сообщение: Запуск скрипта, проверка компонентов...
Детали операции:
    GD: Проверка...
=======================

=== Операция конвертации ===
Время начала: 2025-07-27 12:48:51
IP адрес: ::1
Тип операции: INFO
Сообщение: Пользователь не авторизован
=======================

=== Операция конвертации ===
Время начала: 2025-07-27 12:48:51
IP адрес: ::1
Тип операции: WARNING
Сообщение: IP не определен через прокси, взят REMOTE_ADDR
Детали операции:
    Default IP: ::1
=======================

=== Операция конвертации ===
Время начала: 2025-07-27 12:48:51
IP адрес: ::1
Тип операции: INFO
Сообщение: Запуск запроса на обработку изображения
Детали операции:
    request:
        format: jpeg
        quality: 80
    ip: ::1
=======================

=== Операция конвертации ===
Время начала: 2025-07-27 12:48:51
IP адрес: ::1
Тип операции: INFO
Сообщение: Получение параметров
Детали операции:
    original_filename: загружено (5).jpg
    tmp_name: C:\xampp2\tmp\php295C.tmp
    mime_type: image/jpeg
    size: 67174
    format: jpeg
    quality: 80
    ip: ::1
=======================

=== Операция конвертации ===
Время начала: 2025-07-27 12:48:51
IP адрес: ::1
Тип операции: INFO
Сообщение: Изображение JPEG успешно загружено
Детали операции:
    uploaded_image: загружено (5).jpg
    ip: ::1
=======================

=== Операция конвертации ===
Время начала: 2025-07-27 12:48:51
IP адрес: ::1
Тип операции: INFO
Сообщение: Начало конвертации изображения
Детали операции:
    target_format: jpeg
    output_file: 688604135949e.jpeg
    full_path: ../../converted/688604135949e.jpeg
    ip: ::1
=======================

=== Операция конвертации ===
Время начала: 2025-07-27 12:48:51
IP адрес: ::1
Тип операции: SUCCESS
Сообщение: Успешная конвертация изображения
Детали операции:
    original_filename: загружено (5).jpg
    converted_filename: 688604135949e.jpeg
    converted_size: 70410
    output_path: C:\xampp2\htdocs\convertor_www\converted\688604135949e.jpeg
    ip: ::1
=======================

=== Операция конвертации ===
Время начала: 2025-07-27 12:48:51
IP адрес: ::1
Тип операции: START
Сообщение: Запуск скрипта, проверка компонентов...
Детали операции:
    GD: Проверка...
=======================

=== Операция конвертации ===
Время начала: 2025-07-27 12:48:51
IP адрес: ::1
Тип операции: INFO
Сообщение: Пользователь не авторизован
=======================

=== Операция конвертации ===
Время начала: 2025-07-27 12:48:51
IP адрес: ::1
Тип операции: WARNING
Сообщение: IP не определен через прокси, взят REMOTE_ADDR
Детали операции:
    Default IP: ::1
=======================

=== Операция конвертации ===
Время начала: 2025-07-27 12:48:51
IP адрес: ::1
Тип операции: INFO
Сообщение: Запуск запроса на обработку изображения
Детали операции:
    request:
        format: jpeg
        quality: 80
    ip: ::1
=======================

=== Операция конвертации ===
Время начала: 2025-07-27 12:48:51
IP адрес: ::1
Тип операции: INFO
Сообщение: Получение параметров
Детали операции:
    original_filename: albert-salim-XV7OUFLfB8Q-unsplash.jpg
    tmp_name: C:\xampp2\tmp\php299B.tmp
    mime_type: image/jpeg
    size: 5667167
    format: jpeg
    quality: 80
    ip: ::1
=======================

=== Операция конвертации ===
Время начала: 2025-07-27 12:48:51
IP адрес: ::1
Тип операции: INFO
Сообщение: Изображение JPEG успешно загружено
Детали операции:
    uploaded_image: albert-salim-XV7OUFLfB8Q-unsplash.jpg
    ip: ::1
=======================

=== Операция конвертации ===
Время начала: 2025-07-27 12:48:51
IP адрес: ::1
Тип операции: INFO
Сообщение: Начало конвертации изображения
Детали операции:
    target_format: jpeg
    output_file: 68860413e673c.jpeg
    full_path: ../../converted/68860413e673c.jpeg
    ip: ::1
=======================

=== Операция конвертации ===
Время начала: 2025-07-27 12:48:52
IP адрес: ::1
Тип операции: SUCCESS
Сообщение: Успешная конвертация изображения
Детали операции:
    original_filename: albert-salim-XV7OUFLfB8Q-unsplash.jpg
    converted_filename: 68860413e673c.jpeg
    converted_size: 4808952
    output_path: C:\xampp2\htdocs\convertor_www\converted\68860413e673c.jpeg
    ip: ::1
=======================

=== Операция конвертации ===
Время начала: 2025-07-27 12:48:52
IP адрес: ::1
Тип операции: START
Сообщение: Запуск скрипта, проверка компонентов...
Детали операции:
    GD: Проверка...
=======================

=== Операция конвертации ===
Время начала: 2025-07-27 12:48:52
IP адрес: ::1
Тип операции: INFO
Сообщение: Пользователь не авторизован
=======================

=== Операция конвертации ===
Время начала: 2025-07-27 12:48:52
IP адрес: ::1
Тип операции: WARNING
Сообщение: IP не определен через прокси, взят REMOTE_ADDR
Детали операции:
    Default IP: ::1
=======================

=== Операция конвертации ===
Время начала: 2025-07-27 12:48:52
IP адрес: ::1
Тип операции: INFO
Сообщение: Запуск запроса на обработку изображения
Детали операции:
    request:
        format: jpeg
        quality: 80
    ip: ::1
=======================

=== Операция конвертации ===
Время начала: 2025-07-27 12:48:52
IP адрес: ::1
Тип операции: INFO
Сообщение: Получение параметров
Детали операции:
    original_filename: auth_image.webp
    tmp_name: C:\xampp2\tmp\php2A29.tmp
    mime_type: image/webp
    size: 10939480
    format: jpeg
    quality: 80
    ip: ::1
=======================

